{"C:\\Users\\Dell\\Documents\\Parcours universitaires\\M1 MIAGE\\PDL\\Monter en compétence API JavaScript\\Backend\\app\\errors\\BaseError.ts": {"path":"C:\\Users\\Dell\\Documents\\Parcours universitaires\\M1 MIAGE\\PDL\\Monter en compétence API JavaScript\\Backend\\app\\errors\\BaseError.ts","statementMap":{"0":{"start":{"line":22,"column":4},"end":{"line":22,"column":19}},"1":{"start":{"line":23,"column":4},"end":{"line":23,"column":25}},"2":{"start":{"line":24,"column":4},"end":{"line":24,"column":31}},"3":{"start":{"line":25,"column":4},"end":{"line":25,"column":33}},"4":{"start":{"line":26,"column":4},"end":{"line":26,"column":27}},"5":{"start":{"line":27,"column":4},"end":{"line":27,"column":27}},"6":{"start":{"line":28,"column":4},"end":{"line":28,"column":33}},"7":{"start":{"line":29,"column":4},"end":{"line":29,"column":39}},"8":{"start":{"line":30,"column":4},"end":{"line":30,"column":46}},"9":{"start":{"line":32,"column":4},"end":{"line":32,"column":54}},"10":{"start":{"line":33,"column":4},"end":{"line":33,"column":34}},"11":{"start":{"line":38,"column":4},"end":{"line":49,"column":6}},"12":{"start":{"line":53,"column":4},"end":{"line":70,"column":6}},"13":{"start":{"line":3,"column":0},"end":{"line":3,"column":13}}},"fnMap":{"0":{"name":"(anonymous_0)","decl":{"start":{"line":13,"column":2},"end":{"line":13,"column":null}},"loc":{"start":{"line":20,"column":24},"end":{"line":34,"column":3}}},"1":{"name":"(anonymous_1)","decl":{"start":{"line":37,"column":2},"end":{"line":37,"column":8}},"loc":{"start":{"line":37,"column":8},"end":{"line":50,"column":3}}},"2":{"name":"(anonymous_2)","decl":{"start":{"line":52,"column":2},"end":{"line":52,"column":8}},"loc":{"start":{"line":52,"column":31},"end":{"line":71,"column":3}}}},"branchMap":{"0":{"loc":{"start":{"line":15,"column":4},"end":{"line":15,"column":31}},"type":"default-arg","locations":[{"start":{"line":15,"column":16},"end":{"line":15,"column":31}}]},"1":{"loc":{"start":{"line":16,"column":4},"end":{"line":16,"column":20}},"type":"default-arg","locations":[{"start":{"line":16,"column":17},"end":{"line":16,"column":20}}]},"2":{"loc":{"start":{"line":20,"column":4},"end":{"line":20,"column":24}},"type":"default-arg","locations":[{"start":{"line":20,"column":20},"end":{"line":20,"column":24}}]}},"s":{"0":8,"1":8,"2":8,"3":8,"4":8,"5":8,"6":8,"7":8,"8":8,"9":8,"10":8,"11":1,"12":24,"13":8},"f":{"0":8,"1":1,"2":24},"b":{"0":[0],"1":[0],"2":[8]}}
,"C:\\Users\\Dell\\Documents\\Parcours universitaires\\M1 MIAGE\\PDL\\Monter en compétence API JavaScript\\Backend\\app\\errors\\auth\\InvalidCredentialsError.ts": {"path":"C:\\Users\\Dell\\Documents\\Parcours universitaires\\M1 MIAGE\\PDL\\Monter en compétence API JavaScript\\Backend\\app\\errors\\auth\\InvalidCredentialsError.ts","statementMap":{"0":{"start":{"line":1,"column":0},"end":{"line":1,"column":41}},"1":{"start":{"line":5,"column":6},"end":{"line":12,"column":8}},"2":{"start":{"line":3,"column":0},"end":{"line":3,"column":13}}},"fnMap":{"0":{"name":"(anonymous_0)","decl":{"start":{"line":4,"column":4},"end":{"line":4,"column":null}},"loc":{"start":{"line":4,"column":4},"end":{"line":13,"column":5}}}},"branchMap":{},"s":{"0":8,"1":1,"2":8},"f":{"0":1},"b":{}}
,"C:\\Users\\Dell\\Documents\\Parcours universitaires\\M1 MIAGE\\PDL\\Monter en compétence API JavaScript\\Backend\\app\\errors\\auth\\TokenGenerationError.ts": {"path":"C:\\Users\\Dell\\Documents\\Parcours universitaires\\M1 MIAGE\\PDL\\Monter en compétence API JavaScript\\Backend\\app\\errors\\auth\\TokenGenerationError.ts","statementMap":{"0":{"start":{"line":1,"column":0},"end":{"line":1,"column":41}},"1":{"start":{"line":6,"column":6},"end":{"line":13,"column":8}},"2":{"start":{"line":4,"column":0},"end":{"line":4,"column":13}}},"fnMap":{"0":{"name":"(anonymous_0)","decl":{"start":{"line":5,"column":4},"end":{"line":5,"column":16}},"loc":{"start":{"line":5,"column":29},"end":{"line":14,"column":5}}}},"branchMap":{},"s":{"0":8,"1":0,"2":8},"f":{"0":0},"b":{}}
,"C:\\Users\\Dell\\Documents\\Parcours universitaires\\M1 MIAGE\\PDL\\Monter en compétence API JavaScript\\Backend\\app\\errors\\auth\\TokenVerificationError.ts": {"path":"C:\\Users\\Dell\\Documents\\Parcours universitaires\\M1 MIAGE\\PDL\\Monter en compétence API JavaScript\\Backend\\app\\errors\\auth\\TokenVerificationError.ts","statementMap":{"0":{"start":{"line":1,"column":0},"end":{"line":1,"column":41}},"1":{"start":{"line":5,"column":6},"end":{"line":12,"column":8}},"2":{"start":{"line":3,"column":0},"end":{"line":3,"column":13}}},"fnMap":{"0":{"name":"(anonymous_0)","decl":{"start":{"line":4,"column":4},"end":{"line":4,"column":16}},"loc":{"start":{"line":4,"column":29},"end":{"line":13,"column":5}}}},"branchMap":{},"s":{"0":8,"1":6,"2":8},"f":{"0":6},"b":{}}
,"C:\\Users\\Dell\\Documents\\Parcours universitaires\\M1 MIAGE\\PDL\\Monter en compétence API JavaScript\\Backend\\app\\errors\\auth\\UserNotFoundError.ts": {"path":"C:\\Users\\Dell\\Documents\\Parcours universitaires\\M1 MIAGE\\PDL\\Monter en compétence API JavaScript\\Backend\\app\\errors\\auth\\UserNotFoundError.ts","statementMap":{"0":{"start":{"line":1,"column":0},"end":{"line":1,"column":41}},"1":{"start":{"line":6,"column":4},"end":{"line":13,"column":6}},"2":{"start":{"line":4,"column":0},"end":{"line":4,"column":13}}},"fnMap":{"0":{"name":"(anonymous_0)","decl":{"start":{"line":5,"column":2},"end":{"line":5,"column":14}},"loc":{"start":{"line":5,"column":27},"end":{"line":14,"column":3}}}},"branchMap":{},"s":{"0":8,"1":1,"2":8},"f":{"0":1},"b":{}}
,"C:\\Users\\Dell\\Documents\\Parcours universitaires\\M1 MIAGE\\PDL\\Monter en compétence API JavaScript\\Backend\\app\\errors\\crud\\CrudErrors.ts": {"path":"C:\\Users\\Dell\\Documents\\Parcours universitaires\\M1 MIAGE\\PDL\\Monter en compétence API JavaScript\\Backend\\app\\errors\\crud\\CrudErrors.ts","statementMap":{"0":{"start":{"line":1,"column":0},"end":{"line":1,"column":41}},"1":{"start":{"line":8,"column":20},"end":{"line":8,"column":73}},"2":{"start":{"line":9,"column":4},"end":{"line":17,"column":6}},"3":{"start":{"line":6,"column":0},"end":{"line":6,"column":13}},"4":{"start":{"line":23,"column":20},"end":{"line":23,"column":73}},"5":{"start":{"line":24,"column":4},"end":{"line":32,"column":6}},"6":{"start":{"line":21,"column":0},"end":{"line":21,"column":13}},"7":{"start":{"line":38,"column":4},"end":{"line":46,"column":6}},"8":{"start":{"line":36,"column":0},"end":{"line":36,"column":13}},"9":{"start":{"line":52,"column":4},"end":{"line":60,"column":6}},"10":{"start":{"line":50,"column":0},"end":{"line":50,"column":13}},"11":{"start":{"line":66,"column":4},"end":{"line":74,"column":6}},"12":{"start":{"line":64,"column":0},"end":{"line":64,"column":13}},"13":{"start":{"line":78,"column":0},"end":{"line":84,"column":2}}},"fnMap":{"0":{"name":"(anonymous_0)","decl":{"start":{"line":7,"column":2},"end":{"line":7,"column":14}},"loc":{"start":{"line":7,"column":87},"end":{"line":18,"column":3}}},"1":{"name":"(anonymous_1)","decl":{"start":{"line":22,"column":2},"end":{"line":22,"column":14}},"loc":{"start":{"line":22,"column":87},"end":{"line":33,"column":3}}},"2":{"name":"(anonymous_2)","decl":{"start":{"line":37,"column":2},"end":{"line":37,"column":14}},"loc":{"start":{"line":37,"column":84},"end":{"line":47,"column":3}}},"3":{"name":"(anonymous_3)","decl":{"start":{"line":51,"column":2},"end":{"line":51,"column":14}},"loc":{"start":{"line":51,"column":84},"end":{"line":61,"column":3}}},"4":{"name":"(anonymous_4)","decl":{"start":{"line":65,"column":2},"end":{"line":65,"column":14}},"loc":{"start":{"line":65,"column":84},"end":{"line":75,"column":3}}}},"branchMap":{"0":{"loc":{"start":{"line":8,"column":20},"end":{"line":8,"column":73}},"type":"cond-expr","locations":[{"start":{"line":8,"column":47},"end":{"line":8,"column":56}},{"start":{"line":8,"column":59},"end":{"line":8,"column":73}}]},"1":{"loc":{"start":{"line":10,"column":30},"end":{"line":10,"column":108}},"type":"cond-expr","locations":[{"start":{"line":10,"column":57},"end":{"line":10,"column":103}},{"start":{"line":10,"column":106},"end":{"line":10,"column":108}}]},"2":{"loc":{"start":{"line":23,"column":20},"end":{"line":23,"column":73}},"type":"cond-expr","locations":[{"start":{"line":23,"column":47},"end":{"line":23,"column":56}},{"start":{"line":23,"column":59},"end":{"line":23,"column":73}}]},"3":{"loc":{"start":{"line":25,"column":35},"end":{"line":25,"column":113}},"type":"cond-expr","locations":[{"start":{"line":25,"column":62},"end":{"line":25,"column":108}},{"start":{"line":25,"column":111},"end":{"line":25,"column":113}}]}},"s":{"0":8,"1":0,"2":0,"3":8,"4":0,"5":0,"6":8,"7":0,"8":8,"9":0,"10":8,"11":0,"12":8,"13":8},"f":{"0":0,"1":0,"2":0,"3":0,"4":0},"b":{"0":[0,0],"1":[0,0],"2":[0,0],"3":[0,0]}}
,"C:\\Users\\Dell\\Documents\\Parcours universitaires\\M1 MIAGE\\PDL\\Monter en compétence API JavaScript\\Backend\\app\\handlers\\authHandler.ts": {"path":"C:\\Users\\Dell\\Documents\\Parcours universitaires\\M1 MIAGE\\PDL\\Monter en compétence API JavaScript\\Backend\\app\\handlers\\authHandler.ts","statementMap":{"0":{"start":{"line":2,"column":0},"end":{"line":2,"column":54}},"1":{"start":{"line":3,"column":0},"end":{"line":3,"column":55}},"2":{"start":{"line":16,"column":21},"end":{"line":26,"column":2}},"3":{"start":{"line":19,"column":4},"end":{"line":26,"column":2}},"4":{"start":{"line":20,"column":30},"end":{"line":20,"column":42}},"5":{"start":{"line":21,"column":26},"end":{"line":21,"column":66}},"6":{"start":{"line":22,"column":2},"end":{"line":25,"column":5}},"7":{"start":{"line":16,"column":13},"end":{"line":16,"column":21}},"8":{"start":{"line":28,"column":24},"end":{"line":49,"column":2}},"9":{"start":{"line":31,"column":4},"end":{"line":49,"column":2}},"10":{"start":{"line":32,"column":36},"end":{"line":32,"column":48}},"11":{"start":{"line":35,"column":15},"end":{"line":35,"column":66}},"12":{"start":{"line":38,"column":16},"end":{"line":38,"column":58}},"13":{"start":{"line":40,"column":2},"end":{"line":48,"column":5}},"14":{"start":{"line":28,"column":13},"end":{"line":28,"column":24}}},"fnMap":{"0":{"name":"(anonymous_7)","decl":{"start":{"line":16,"column":21},"end":{"line":16,"column":null}},"loc":{"start":{"line":19,"column":4},"end":{"line":26,"column":2}}},"1":{"name":"(anonymous_8)","decl":{"start":{"line":19,"column":4},"end":{"line":19,"column":null}},"loc":{"start":{"line":19,"column":4},"end":{"line":26,"column":1}}},"2":{"name":"(anonymous_9)","decl":{"start":{"line":28,"column":24},"end":{"line":28,"column":null}},"loc":{"start":{"line":31,"column":4},"end":{"line":49,"column":2}}},"3":{"name":"(anonymous_10)","decl":{"start":{"line":31,"column":4},"end":{"line":31,"column":null}},"loc":{"start":{"line":31,"column":4},"end":{"line":49,"column":1}}}},"branchMap":{},"s":{"0":8,"1":8,"2":8,"3":3,"4":3,"5":3,"6":1,"7":8,"8":8,"9":2,"10":2,"11":2,"12":2,"13":1,"14":8},"f":{"0":3,"1":3,"2":2,"3":2},"b":{}}
,"C:\\Users\\Dell\\Documents\\Parcours universitaires\\M1 MIAGE\\PDL\\Monter en compétence API JavaScript\\Backend\\app\\handlers\\certificationHandler.ts": {"path":"C:\\Users\\Dell\\Documents\\Parcours universitaires\\M1 MIAGE\\PDL\\Monter en compétence API JavaScript\\Backend\\app\\handlers\\certificationHandler.ts","statementMap":{"0":{"start":{"line":7,"column":0},"end":{"line":7,"column":22}},"1":{"start":{"line":17,"column":0},"end":{"line":17,"column":22}},"2":{"start":{"line":27,"column":0},"end":{"line":27,"column":22}},"3":{"start":{"line":2,"column":0},"end":{"line":2,"column":68}},"4":{"start":{"line":8,"column":4},"end":{"line":14,"column":5}},"5":{"start":{"line":9,"column":19},"end":{"line":9,"column":91}},"6":{"start":{"line":10,"column":8},"end":{"line":10,"column":69}},"7":{"start":{"line":12,"column":8},"end":{"line":12,"column":47}},"8":{"start":{"line":13,"column":8},"end":{"line":13,"column":125}},"9":{"start":{"line":18,"column":4},"end":{"line":24,"column":5}},"10":{"start":{"line":19,"column":19},"end":{"line":19,"column":113}},"11":{"start":{"line":20,"column":8},"end":{"line":20,"column":69}},"12":{"start":{"line":22,"column":8},"end":{"line":22,"column":50}},"13":{"start":{"line":23,"column":8},"end":{"line":23,"column":128}},"14":{"start":{"line":28,"column":4},"end":{"line":34,"column":5}},"15":{"start":{"line":29,"column":8},"end":{"line":29,"column":86}},"16":{"start":{"line":30,"column":8},"end":{"line":30,"column":38}},"17":{"start":{"line":32,"column":8},"end":{"line":32,"column":50}},"18":{"start":{"line":33,"column":8},"end":{"line":33,"column":128}}},"fnMap":{"0":{"name":"addCertification","decl":{"start":{"line":7,"column":22},"end":{"line":7,"column":38}},"loc":{"start":{"line":7,"column":101},"end":{"line":15,"column":null}}},"1":{"name":"updateCertification","decl":{"start":{"line":17,"column":22},"end":{"line":17,"column":41}},"loc":{"start":{"line":17,"column":108},"end":{"line":25,"column":null}}},"2":{"name":"deleteCertification","decl":{"start":{"line":27,"column":22},"end":{"line":27,"column":41}},"loc":{"start":{"line":27,"column":108},"end":{"line":35,"column":null}}}},"branchMap":{"0":{"loc":{"start":{"line":13,"column":26},"end":{"line":13,"column":45}},"type":"binary-expr","locations":[{"start":{"line":13,"column":26},"end":{"line":13,"column":38}},{"start":{"line":13,"column":42},"end":{"line":13,"column":45}}]},"1":{"loc":{"start":{"line":13,"column":79},"end":{"line":13,"column":121}},"type":"binary-expr","locations":[{"start":{"line":13,"column":79},"end":{"line":13,"column":88}},{"start":{"line":13,"column":92},"end":{"line":13,"column":121}}]},"2":{"loc":{"start":{"line":23,"column":26},"end":{"line":23,"column":45}},"type":"binary-expr","locations":[{"start":{"line":23,"column":26},"end":{"line":23,"column":38}},{"start":{"line":23,"column":42},"end":{"line":23,"column":45}}]},"3":{"loc":{"start":{"line":23,"column":79},"end":{"line":23,"column":124}},"type":"binary-expr","locations":[{"start":{"line":23,"column":79},"end":{"line":23,"column":88}},{"start":{"line":23,"column":92},"end":{"line":23,"column":124}}]},"4":{"loc":{"start":{"line":33,"column":26},"end":{"line":33,"column":45}},"type":"binary-expr","locations":[{"start":{"line":33,"column":26},"end":{"line":33,"column":38}},{"start":{"line":33,"column":42},"end":{"line":33,"column":45}}]},"5":{"loc":{"start":{"line":33,"column":79},"end":{"line":33,"column":124}},"type":"binary-expr","locations":[{"start":{"line":33,"column":79},"end":{"line":33,"column":88}},{"start":{"line":33,"column":92},"end":{"line":33,"column":124}}]}},"s":{"0":8,"1":8,"2":8,"3":8,"4":0,"5":0,"6":0,"7":0,"8":0,"9":0,"10":0,"11":0,"12":0,"13":0,"14":0,"15":0,"16":0,"17":0,"18":0},"f":{"0":0,"1":0,"2":0},"b":{"0":[0,0],"1":[0,0],"2":[0,0],"3":[0,0],"4":[0,0],"5":[0,0]}}
,"C:\\Users\\Dell\\Documents\\Parcours universitaires\\M1 MIAGE\\PDL\\Monter en compétence API JavaScript\\Backend\\app\\handlers\\cvHandler.ts": {"path":"C:\\Users\\Dell\\Documents\\Parcours universitaires\\M1 MIAGE\\PDL\\Monter en compétence API JavaScript\\Backend\\app\\handlers\\cvHandler.ts","statementMap":{"0":{"start":{"line":15,"column":0},"end":{"line":15,"column":22}},"1":{"start":{"line":37,"column":0},"end":{"line":37,"column":22}},"2":{"start":{"line":55,"column":0},"end":{"line":55,"column":22}},"3":{"start":{"line":73,"column":0},"end":{"line":73,"column":22}},"4":{"start":{"line":2,"column":0},"end":{"line":2,"column":49}},"5":{"start":{"line":3,"column":0},"end":{"line":3,"column":48}},"6":{"start":{"line":19,"column":4},"end":{"line":34,"column":5}},"7":{"start":{"line":20,"column":23},"end":{"line":20,"column":58}},"8":{"start":{"line":21,"column":57},"end":{"line":21,"column":76}},"9":{"start":{"line":22,"column":20},"end":{"line":22,"column":85}},"10":{"start":{"line":23,"column":8},"end":{"line":23,"column":66}},"11":{"start":{"line":25,"column":8},"end":{"line":28,"column":9}},"12":{"start":{"line":27,"column":12},"end":{"line":27,"column":69}},"13":{"start":{"line":29,"column":8},"end":{"line":29,"column":51}},"14":{"start":{"line":30,"column":8},"end":{"line":33,"column":11}},"15":{"start":{"line":41,"column":4},"end":{"line":52,"column":5}},"16":{"start":{"line":42,"column":23},"end":{"line":42,"column":58}},"17":{"start":{"line":43,"column":26},"end":{"line":43,"column":44}},"18":{"start":{"line":44,"column":19},"end":{"line":44,"column":58}},"19":{"start":{"line":45,"column":8},"end":{"line":45,"column":65}},"20":{"start":{"line":47,"column":8},"end":{"line":49,"column":9}},"21":{"start":{"line":48,"column":12},"end":{"line":48,"column":69}},"22":{"start":{"line":50,"column":8},"end":{"line":50,"column":50}},"23":{"start":{"line":51,"column":8},"end":{"line":51,"column":106}},"24":{"start":{"line":59,"column":4},"end":{"line":70,"column":5}},"25":{"start":{"line":60,"column":23},"end":{"line":60,"column":58}},"26":{"start":{"line":61,"column":25},"end":{"line":61,"column":39}},"27":{"start":{"line":62,"column":21},"end":{"line":62,"column":56}},"28":{"start":{"line":63,"column":8},"end":{"line":63,"column":61}},"29":{"start":{"line":65,"column":8},"end":{"line":67,"column":9}},"30":{"start":{"line":66,"column":12},"end":{"line":66,"column":69}},"31":{"start":{"line":68,"column":8},"end":{"line":68,"column":51}},"32":{"start":{"line":69,"column":8},"end":{"line":69,"column":108}},"33":{"start":{"line":77,"column":4},"end":{"line":88,"column":5}},"34":{"start":{"line":78,"column":23},"end":{"line":78,"column":58}},"35":{"start":{"line":79,"column":25},"end":{"line":79,"column":39}},"36":{"start":{"line":80,"column":8},"end":{"line":80,"column":43}},"37":{"start":{"line":81,"column":8},"end":{"line":81,"column":38}},"38":{"start":{"line":83,"column":8},"end":{"line":85,"column":9}},"39":{"start":{"line":84,"column":12},"end":{"line":84,"column":69}},"40":{"start":{"line":86,"column":8},"end":{"line":86,"column":50}},"41":{"start":{"line":87,"column":8},"end":{"line":87,"column":106}}},"fnMap":{"0":{"name":"listMyCvs","decl":{"start":{"line":15,"column":22},"end":{"line":15,"column":31}},"loc":{"start":{"line":17,"column":23},"end":{"line":35,"column":null}}},"1":{"name":"createCv","decl":{"start":{"line":37,"column":22},"end":{"line":37,"column":30}},"loc":{"start":{"line":39,"column":23},"end":{"line":53,"column":null}}},"2":{"name":"getCvById","decl":{"start":{"line":55,"column":22},"end":{"line":55,"column":31}},"loc":{"start":{"line":57,"column":23},"end":{"line":71,"column":null}}},"3":{"name":"deleteCv","decl":{"start":{"line":73,"column":22},"end":{"line":73,"column":30}},"loc":{"start":{"line":75,"column":23},"end":{"line":89,"column":null}}}},"branchMap":{"0":{"loc":{"start":{"line":20,"column":23},"end":{"line":20,"column":58}},"type":"cond-expr","locations":[{"start":{"line":20,"column":44},"end":{"line":20,"column":46}},{"start":{"line":20,"column":44},"end":{"line":20,"column":58}}]},"1":{"loc":{"start":{"line":20,"column":23},"end":{"line":20,"column":46}},"type":"binary-expr","locations":[{"start":{"line":20,"column":23},"end":{"line":20,"column":46}},{"start":{"line":20,"column":44},"end":{"line":20,"column":46}}]},"2":{"loc":{"start":{"line":21,"column":33},"end":{"line":21,"column":41}},"type":"default-arg","locations":[{"start":{"line":21,"column":40},"end":{"line":21,"column":41}}]},"3":{"loc":{"start":{"line":21,"column":43},"end":{"line":21,"column":52}},"type":"default-arg","locations":[{"start":{"line":21,"column":50},"end":{"line":21,"column":52}}]},"4":{"loc":{"start":{"line":21,"column":57},"end":{"line":21,"column":76}},"type":"binary-expr","locations":[{"start":{"line":21,"column":57},"end":{"line":21,"column":70}},{"start":{"line":21,"column":74},"end":{"line":21,"column":76}}]},"5":{"loc":{"start":{"line":25,"column":8},"end":{"line":28,"column":9}},"type":"if","locations":[{"start":{"line":25,"column":8},"end":{"line":28,"column":9}}]},"6":{"loc":{"start":{"line":32,"column":21},"end":{"line":32,"column":69}},"type":"binary-expr","locations":[{"start":{"line":32,"column":21},"end":{"line":32,"column":35}},{"start":{"line":32,"column":39},"end":{"line":32,"column":69}}]},"7":{"loc":{"start":{"line":32,"column":21},"end":{"line":32,"column":35}},"type":"cond-expr","locations":[{"start":{"line":32,"column":26},"end":{"line":32,"column":28}},{"start":{"line":32,"column":21},"end":{"line":32,"column":35}}]},"8":{"loc":{"start":{"line":32,"column":21},"end":{"line":32,"column":28}},"type":"binary-expr","locations":[{"start":{"line":32,"column":21},"end":{"line":32,"column":28}},{"start":{"line":32,"column":21},"end":{"line":32,"column":28}}]},"9":{"loc":{"start":{"line":42,"column":23},"end":{"line":42,"column":58}},"type":"cond-expr","locations":[{"start":{"line":42,"column":44},"end":{"line":42,"column":46}},{"start":{"line":42,"column":44},"end":{"line":42,"column":58}}]},"10":{"loc":{"start":{"line":42,"column":23},"end":{"line":42,"column":46}},"type":"binary-expr","locations":[{"start":{"line":42,"column":23},"end":{"line":42,"column":46}},{"start":{"line":42,"column":44},"end":{"line":42,"column":46}}]},"11":{"loc":{"start":{"line":43,"column":26},"end":{"line":43,"column":44}},"type":"binary-expr","locations":[{"start":{"line":43,"column":26},"end":{"line":43,"column":38}},{"start":{"line":43,"column":42},"end":{"line":43,"column":44}}]},"12":{"loc":{"start":{"line":47,"column":8},"end":{"line":49,"column":9}},"type":"if","locations":[{"start":{"line":47,"column":8},"end":{"line":49,"column":9}}]},"13":{"loc":{"start":{"line":51,"column":63},"end":{"line":51,"column":102}},"type":"binary-expr","locations":[{"start":{"line":51,"column":63},"end":{"line":51,"column":77}},{"start":{"line":51,"column":81},"end":{"line":51,"column":102}}]},"14":{"loc":{"start":{"line":51,"column":63},"end":{"line":51,"column":77}},"type":"cond-expr","locations":[{"start":{"line":51,"column":68},"end":{"line":51,"column":70}},{"start":{"line":51,"column":63},"end":{"line":51,"column":77}}]},"15":{"loc":{"start":{"line":51,"column":63},"end":{"line":51,"column":70}},"type":"binary-expr","locations":[{"start":{"line":51,"column":63},"end":{"line":51,"column":70}},{"start":{"line":51,"column":63},"end":{"line":51,"column":70}}]},"16":{"loc":{"start":{"line":60,"column":23},"end":{"line":60,"column":58}},"type":"cond-expr","locations":[{"start":{"line":60,"column":44},"end":{"line":60,"column":46}},{"start":{"line":60,"column":44},"end":{"line":60,"column":58}}]},"17":{"loc":{"start":{"line":60,"column":23},"end":{"line":60,"column":46}},"type":"binary-expr","locations":[{"start":{"line":60,"column":23},"end":{"line":60,"column":46}},{"start":{"line":60,"column":44},"end":{"line":60,"column":46}}]},"18":{"loc":{"start":{"line":65,"column":8},"end":{"line":67,"column":9}},"type":"if","locations":[{"start":{"line":65,"column":8},"end":{"line":67,"column":9}}]},"19":{"loc":{"start":{"line":69,"column":63},"end":{"line":69,"column":104}},"type":"binary-expr","locations":[{"start":{"line":69,"column":63},"end":{"line":69,"column":77}},{"start":{"line":69,"column":81},"end":{"line":69,"column":104}}]},"20":{"loc":{"start":{"line":69,"column":63},"end":{"line":69,"column":77}},"type":"cond-expr","locations":[{"start":{"line":69,"column":68},"end":{"line":69,"column":70}},{"start":{"line":69,"column":63},"end":{"line":69,"column":77}}]},"21":{"loc":{"start":{"line":69,"column":63},"end":{"line":69,"column":70}},"type":"binary-expr","locations":[{"start":{"line":69,"column":63},"end":{"line":69,"column":70}},{"start":{"line":69,"column":63},"end":{"line":69,"column":70}}]},"22":{"loc":{"start":{"line":78,"column":23},"end":{"line":78,"column":58}},"type":"cond-expr","locations":[{"start":{"line":78,"column":44},"end":{"line":78,"column":46}},{"start":{"line":78,"column":44},"end":{"line":78,"column":58}}]},"23":{"loc":{"start":{"line":78,"column":23},"end":{"line":78,"column":46}},"type":"binary-expr","locations":[{"start":{"line":78,"column":23},"end":{"line":78,"column":46}},{"start":{"line":78,"column":44},"end":{"line":78,"column":46}}]},"24":{"loc":{"start":{"line":83,"column":8},"end":{"line":85,"column":9}},"type":"if","locations":[{"start":{"line":83,"column":8},"end":{"line":85,"column":9}}]},"25":{"loc":{"start":{"line":87,"column":63},"end":{"line":87,"column":102}},"type":"binary-expr","locations":[{"start":{"line":87,"column":63},"end":{"line":87,"column":77}},{"start":{"line":87,"column":81},"end":{"line":87,"column":102}}]},"26":{"loc":{"start":{"line":87,"column":63},"end":{"line":87,"column":77}},"type":"cond-expr","locations":[{"start":{"line":87,"column":68},"end":{"line":87,"column":70}},{"start":{"line":87,"column":63},"end":{"line":87,"column":77}}]},"27":{"loc":{"start":{"line":87,"column":63},"end":{"line":87,"column":70}},"type":"binary-expr","locations":[{"start":{"line":87,"column":63},"end":{"line":87,"column":70}},{"start":{"line":87,"column":63},"end":{"line":87,"column":70}}]}},"s":{"0":8,"1":8,"2":8,"3":8,"4":8,"5":8,"6":0,"7":0,"8":0,"9":0,"10":0,"11":0,"12":0,"13":0,"14":0,"15":0,"16":0,"17":0,"18":0,"19":0,"20":0,"21":0,"22":0,"23":0,"24":0,"25":0,"26":0,"27":0,"28":0,"29":0,"30":0,"31":0,"32":0,"33":0,"34":0,"35":0,"36":0,"37":0,"38":0,"39":0,"40":0,"41":0},"f":{"0":0,"1":0,"2":0,"3":0},"b":{"0":[0,0],"1":[0,0],"2":[0],"3":[0],"4":[0,0],"5":[0],"6":[0,0],"7":[0,0],"8":[0,0],"9":[0,0],"10":[0,0],"11":[0,0],"12":[0],"13":[0,0],"14":[0,0],"15":[0,0],"16":[0,0],"17":[0,0],"18":[0],"19":[0,0],"20":[0,0],"21":[0,0],"22":[0,0],"23":[0,0],"24":[0],"25":[0,0],"26":[0,0],"27":[0,0]}}
,"C:\\Users\\Dell\\Documents\\Parcours universitaires\\M1 MIAGE\\PDL\\Monter en compétence API JavaScript\\Backend\\app\\handlers\\educationHandler.ts": {"path":"C:\\Users\\Dell\\Documents\\Parcours universitaires\\M1 MIAGE\\PDL\\Monter en compétence API JavaScript\\Backend\\app\\handlers\\educationHandler.ts","statementMap":{"0":{"start":{"line":7,"column":0},"end":{"line":7,"column":22}},"1":{"start":{"line":18,"column":0},"end":{"line":18,"column":22}},"2":{"start":{"line":28,"column":0},"end":{"line":28,"column":22}},"3":{"start":{"line":2,"column":0},"end":{"line":2,"column":60}},"4":{"start":{"line":8,"column":4},"end":{"line":15,"column":5}},"5":{"start":{"line":10,"column":19},"end":{"line":10,"column":83}},"6":{"start":{"line":11,"column":8},"end":{"line":11,"column":69}},"7":{"start":{"line":13,"column":8},"end":{"line":13,"column":43}},"8":{"start":{"line":14,"column":8},"end":{"line":14,"column":121}},"9":{"start":{"line":19,"column":4},"end":{"line":25,"column":5}},"10":{"start":{"line":20,"column":19},"end":{"line":20,"column":105}},"11":{"start":{"line":21,"column":8},"end":{"line":21,"column":69}},"12":{"start":{"line":23,"column":8},"end":{"line":23,"column":46}},"13":{"start":{"line":24,"column":8},"end":{"line":24,"column":124}},"14":{"start":{"line":29,"column":4},"end":{"line":36,"column":5}},"15":{"start":{"line":31,"column":8},"end":{"line":31,"column":60}},"16":{"start":{"line":32,"column":8},"end":{"line":32,"column":38}},"17":{"start":{"line":34,"column":8},"end":{"line":34,"column":46}},"18":{"start":{"line":35,"column":8},"end":{"line":35,"column":124}}},"fnMap":{"0":{"name":"addEducation","decl":{"start":{"line":7,"column":22},"end":{"line":7,"column":34}},"loc":{"start":{"line":7,"column":97},"end":{"line":16,"column":null}}},"1":{"name":"updateEducation","decl":{"start":{"line":18,"column":22},"end":{"line":18,"column":37}},"loc":{"start":{"line":18,"column":103},"end":{"line":26,"column":null}}},"2":{"name":"deleteEducation","decl":{"start":{"line":28,"column":22},"end":{"line":28,"column":37}},"loc":{"start":{"line":28,"column":103},"end":{"line":37,"column":null}}}},"branchMap":{"0":{"loc":{"start":{"line":14,"column":26},"end":{"line":14,"column":45}},"type":"binary-expr","locations":[{"start":{"line":14,"column":26},"end":{"line":14,"column":38}},{"start":{"line":14,"column":42},"end":{"line":14,"column":45}}]},"1":{"loc":{"start":{"line":14,"column":79},"end":{"line":14,"column":117}},"type":"binary-expr","locations":[{"start":{"line":14,"column":79},"end":{"line":14,"column":88}},{"start":{"line":14,"column":92},"end":{"line":14,"column":117}}]},"2":{"loc":{"start":{"line":24,"column":26},"end":{"line":24,"column":45}},"type":"binary-expr","locations":[{"start":{"line":24,"column":26},"end":{"line":24,"column":38}},{"start":{"line":24,"column":42},"end":{"line":24,"column":45}}]},"3":{"loc":{"start":{"line":24,"column":79},"end":{"line":24,"column":120}},"type":"binary-expr","locations":[{"start":{"line":24,"column":79},"end":{"line":24,"column":88}},{"start":{"line":24,"column":92},"end":{"line":24,"column":120}}]},"4":{"loc":{"start":{"line":35,"column":26},"end":{"line":35,"column":45}},"type":"binary-expr","locations":[{"start":{"line":35,"column":26},"end":{"line":35,"column":38}},{"start":{"line":35,"column":42},"end":{"line":35,"column":45}}]},"5":{"loc":{"start":{"line":35,"column":79},"end":{"line":35,"column":120}},"type":"binary-expr","locations":[{"start":{"line":35,"column":79},"end":{"line":35,"column":88}},{"start":{"line":35,"column":92},"end":{"line":35,"column":120}}]}},"s":{"0":8,"1":8,"2":8,"3":8,"4":0,"5":0,"6":0,"7":0,"8":0,"9":0,"10":0,"11":0,"12":0,"13":0,"14":0,"15":0,"16":0,"17":0,"18":0},"f":{"0":0,"1":0,"2":0},"b":{"0":[0,0],"1":[0,0],"2":[0,0],"3":[0,0],"4":[0,0],"5":[0,0]}}
,"C:\\Users\\Dell\\Documents\\Parcours universitaires\\M1 MIAGE\\PDL\\Monter en compétence API JavaScript\\Backend\\app\\handlers\\experienceHandler.ts": {"path":"C:\\Users\\Dell\\Documents\\Parcours universitaires\\M1 MIAGE\\PDL\\Monter en compétence API JavaScript\\Backend\\app\\handlers\\experienceHandler.ts","statementMap":{"0":{"start":{"line":27,"column":0},"end":{"line":27,"column":22}},"1":{"start":{"line":44,"column":0},"end":{"line":44,"column":22}},"2":{"start":{"line":62,"column":0},"end":{"line":62,"column":22}},"3":{"start":{"line":79,"column":0},"end":{"line":79,"column":22}},"4":{"start":{"line":97,"column":0},"end":{"line":97,"column":22}},"5":{"start":{"line":2,"column":0},"end":{"line":2,"column":57}},"6":{"start":{"line":31,"column":4},"end":{"line":41,"column":5}},"7":{"start":{"line":32,"column":25},"end":{"line":32,"column":39}},"8":{"start":{"line":33,"column":28},"end":{"line":33,"column":56}},"9":{"start":{"line":34,"column":8},"end":{"line":34,"column":74}},"10":{"start":{"line":36,"column":8},"end":{"line":36,"column":57}},"11":{"start":{"line":37,"column":8},"end":{"line":40,"column":11}},"12":{"start":{"line":48,"column":4},"end":{"line":59,"column":5}},"13":{"start":{"line":49,"column":25},"end":{"line":49,"column":39}},"14":{"start":{"line":50,"column":21},"end":{"line":50,"column":33}},"15":{"start":{"line":51,"column":27},"end":{"line":51,"column":59}},"16":{"start":{"line":52,"column":8},"end":{"line":52,"column":73}},"17":{"start":{"line":54,"column":8},"end":{"line":54,"column":58}},"18":{"start":{"line":55,"column":8},"end":{"line":58,"column":11}},"19":{"start":{"line":66,"column":4},"end":{"line":76,"column":5}},"20":{"start":{"line":67,"column":39},"end":{"line":67,"column":53}},"21":{"start":{"line":68,"column":27},"end":{"line":68,"column":68}},"22":{"start":{"line":69,"column":8},"end":{"line":69,"column":73}},"23":{"start":{"line":71,"column":8},"end":{"line":71,"column":59}},"24":{"start":{"line":72,"column":8},"end":{"line":75,"column":11}},"25":{"start":{"line":83,"column":4},"end":{"line":94,"column":5}},"26":{"start":{"line":84,"column":39},"end":{"line":84,"column":53}},"27":{"start":{"line":85,"column":21},"end":{"line":85,"column":33}},"28":{"start":{"line":86,"column":27},"end":{"line":86,"column":73}},"29":{"start":{"line":87,"column":8},"end":{"line":87,"column":73}},"30":{"start":{"line":89,"column":8},"end":{"line":89,"column":58}},"31":{"start":{"line":90,"column":8},"end":{"line":93,"column":11}},"32":{"start":{"line":101,"column":4},"end":{"line":112,"column":5}},"33":{"start":{"line":103,"column":39},"end":{"line":103,"column":53}},"34":{"start":{"line":104,"column":8},"end":{"line":104,"column":49}},"35":{"start":{"line":105,"column":8},"end":{"line":105,"column":38}},"36":{"start":{"line":107,"column":8},"end":{"line":107,"column":58}},"37":{"start":{"line":108,"column":8},"end":{"line":111,"column":11}}},"fnMap":{"0":{"name":"listExperiences","decl":{"start":{"line":27,"column":22},"end":{"line":27,"column":37}},"loc":{"start":{"line":29,"column":23},"end":{"line":42,"column":null}}},"1":{"name":"createExperience","decl":{"start":{"line":44,"column":22},"end":{"line":44,"column":38}},"loc":{"start":{"line":46,"column":23},"end":{"line":60,"column":null}}},"2":{"name":"getExperienceById","decl":{"start":{"line":62,"column":22},"end":{"line":62,"column":39}},"loc":{"start":{"line":64,"column":23},"end":{"line":77,"column":null}}},"3":{"name":"updateExperience","decl":{"start":{"line":79,"column":22},"end":{"line":79,"column":38}},"loc":{"start":{"line":81,"column":23},"end":{"line":95,"column":null}}},"4":{"name":"deleteExperience","decl":{"start":{"line":97,"column":22},"end":{"line":97,"column":38}},"loc":{"start":{"line":99,"column":23},"end":{"line":113,"column":null}}}},"branchMap":{"0":{"loc":{"start":{"line":37,"column":26},"end":{"line":37,"column":49}},"type":"binary-expr","locations":[{"start":{"line":37,"column":26},"end":{"line":37,"column":42}},{"start":{"line":37,"column":46},"end":{"line":37,"column":49}}]},"1":{"loc":{"start":{"line":39,"column":21},"end":{"line":39,"column":66}},"type":"binary-expr","locations":[{"start":{"line":39,"column":21},"end":{"line":39,"column":34}},{"start":{"line":39,"column":38},"end":{"line":39,"column":66}}]},"2":{"loc":{"start":{"line":55,"column":26},"end":{"line":55,"column":49}},"type":"binary-expr","locations":[{"start":{"line":55,"column":26},"end":{"line":55,"column":42}},{"start":{"line":55,"column":46},"end":{"line":55,"column":49}}]},"3":{"loc":{"start":{"line":57,"column":21},"end":{"line":57,"column":67}},"type":"binary-expr","locations":[{"start":{"line":57,"column":21},"end":{"line":57,"column":34}},{"start":{"line":57,"column":38},"end":{"line":57,"column":67}}]},"4":{"loc":{"start":{"line":72,"column":26},"end":{"line":72,"column":49}},"type":"binary-expr","locations":[{"start":{"line":72,"column":26},"end":{"line":72,"column":42}},{"start":{"line":72,"column":46},"end":{"line":72,"column":49}}]},"5":{"loc":{"start":{"line":74,"column":21},"end":{"line":74,"column":69}},"type":"binary-expr","locations":[{"start":{"line":74,"column":21},"end":{"line":74,"column":34}},{"start":{"line":74,"column":38},"end":{"line":74,"column":69}}]},"6":{"loc":{"start":{"line":90,"column":26},"end":{"line":90,"column":49}},"type":"binary-expr","locations":[{"start":{"line":90,"column":26},"end":{"line":90,"column":42}},{"start":{"line":90,"column":46},"end":{"line":90,"column":49}}]},"7":{"loc":{"start":{"line":92,"column":21},"end":{"line":92,"column":67}},"type":"binary-expr","locations":[{"start":{"line":92,"column":21},"end":{"line":92,"column":34}},{"start":{"line":92,"column":38},"end":{"line":92,"column":67}}]},"8":{"loc":{"start":{"line":108,"column":26},"end":{"line":108,"column":49}},"type":"binary-expr","locations":[{"start":{"line":108,"column":26},"end":{"line":108,"column":42}},{"start":{"line":108,"column":46},"end":{"line":108,"column":49}}]},"9":{"loc":{"start":{"line":110,"column":21},"end":{"line":110,"column":67}},"type":"binary-expr","locations":[{"start":{"line":110,"column":21},"end":{"line":110,"column":34}},{"start":{"line":110,"column":38},"end":{"line":110,"column":67}}]}},"s":{"0":8,"1":8,"2":8,"3":8,"4":8,"5":8,"6":0,"7":0,"8":0,"9":0,"10":0,"11":0,"12":0,"13":0,"14":0,"15":0,"16":0,"17":0,"18":0,"19":0,"20":0,"21":0,"22":0,"23":0,"24":0,"25":0,"26":0,"27":0,"28":0,"29":0,"30":0,"31":0,"32":0,"33":0,"34":0,"35":0,"36":0,"37":0},"f":{"0":0,"1":0,"2":0,"3":0,"4":0},"b":{"0":[0,0],"1":[0,0],"2":[0,0],"3":[0,0],"4":[0,0],"5":[0,0],"6":[0,0],"7":[0,0],"8":[0,0],"9":[0,0]}}
,"C:\\Users\\Dell\\Documents\\Parcours universitaires\\M1 MIAGE\\PDL\\Monter en compétence API JavaScript\\Backend\\app\\handlers\\interestHandler.ts": {"path":"C:\\Users\\Dell\\Documents\\Parcours universitaires\\M1 MIAGE\\PDL\\Monter en compétence API JavaScript\\Backend\\app\\handlers\\interestHandler.ts","statementMap":{"0":{"start":{"line":6,"column":0},"end":{"line":6,"column":22}},"1":{"start":{"line":16,"column":0},"end":{"line":16,"column":22}},"2":{"start":{"line":2,"column":0},"end":{"line":2,"column":58}},"3":{"start":{"line":7,"column":4},"end":{"line":13,"column":5}},"4":{"start":{"line":8,"column":25},"end":{"line":8,"column":96}},"5":{"start":{"line":9,"column":8},"end":{"line":9,"column":75}},"6":{"start":{"line":11,"column":8},"end":{"line":11,"column":43}},"7":{"start":{"line":12,"column":8},"end":{"line":12,"column":121}},"8":{"start":{"line":17,"column":4},"end":{"line":23,"column":5}},"9":{"start":{"line":18,"column":25},"end":{"line":18,"column":96}},"10":{"start":{"line":19,"column":8},"end":{"line":19,"column":75}},"11":{"start":{"line":21,"column":8},"end":{"line":21,"column":43}},"12":{"start":{"line":22,"column":8},"end":{"line":22,"column":125}}},"fnMap":{"0":{"name":"addInterests","decl":{"start":{"line":6,"column":22},"end":{"line":6,"column":34}},"loc":{"start":{"line":6,"column":97},"end":{"line":14,"column":null}}},"1":{"name":"putInterests","decl":{"start":{"line":16,"column":22},"end":{"line":16,"column":34}},"loc":{"start":{"line":16,"column":97},"end":{"line":24,"column":null}}}},"branchMap":{"0":{"loc":{"start":{"line":12,"column":26},"end":{"line":12,"column":45}},"type":"binary-expr","locations":[{"start":{"line":12,"column":26},"end":{"line":12,"column":38}},{"start":{"line":12,"column":42},"end":{"line":12,"column":45}}]},"1":{"loc":{"start":{"line":12,"column":79},"end":{"line":12,"column":117}},"type":"binary-expr","locations":[{"start":{"line":12,"column":79},"end":{"line":12,"column":88}},{"start":{"line":12,"column":92},"end":{"line":12,"column":117}}]},"2":{"loc":{"start":{"line":22,"column":26},"end":{"line":22,"column":45}},"type":"binary-expr","locations":[{"start":{"line":22,"column":26},"end":{"line":22,"column":38}},{"start":{"line":22,"column":42},"end":{"line":22,"column":45}}]},"3":{"loc":{"start":{"line":22,"column":79},"end":{"line":22,"column":121}},"type":"binary-expr","locations":[{"start":{"line":22,"column":79},"end":{"line":22,"column":88}},{"start":{"line":22,"column":92},"end":{"line":22,"column":121}}]}},"s":{"0":8,"1":8,"2":8,"3":0,"4":0,"5":0,"6":0,"7":0,"8":0,"9":0,"10":0,"11":0,"12":0},"f":{"0":0,"1":0},"b":{"0":[0,0],"1":[0,0],"2":[0,0],"3":[0,0]}}
,"C:\\Users\\Dell\\Documents\\Parcours universitaires\\M1 MIAGE\\PDL\\Monter en compétence API JavaScript\\Backend\\app\\handlers\\languageHandler.ts": {"path":"C:\\Users\\Dell\\Documents\\Parcours universitaires\\M1 MIAGE\\PDL\\Monter en compétence API JavaScript\\Backend\\app\\handlers\\languageHandler.ts","statementMap":{"0":{"start":{"line":17,"column":0},"end":{"line":17,"column":22}},"1":{"start":{"line":34,"column":0},"end":{"line":34,"column":22}},"2":{"start":{"line":52,"column":0},"end":{"line":52,"column":22}},"3":{"start":{"line":72,"column":0},"end":{"line":72,"column":22}},"4":{"start":{"line":2,"column":0},"end":{"line":2,"column":55}},"5":{"start":{"line":21,"column":4},"end":{"line":31,"column":5}},"6":{"start":{"line":22,"column":21},"end":{"line":22,"column":35}},"7":{"start":{"line":23,"column":22},"end":{"line":23,"column":50}},"8":{"start":{"line":24,"column":8},"end":{"line":24,"column":72}},"9":{"start":{"line":26,"column":8},"end":{"line":26,"column":55}},"10":{"start":{"line":27,"column":8},"end":{"line":30,"column":11}},"11":{"start":{"line":38,"column":4},"end":{"line":49,"column":5}},"12":{"start":{"line":39,"column":21},"end":{"line":39,"column":35}},"13":{"start":{"line":40,"column":17},"end":{"line":40,"column":29}},"14":{"start":{"line":41,"column":21},"end":{"line":41,"column":53}},"15":{"start":{"line":42,"column":8},"end":{"line":42,"column":71}},"16":{"start":{"line":44,"column":8},"end":{"line":44,"column":56}},"17":{"start":{"line":45,"column":8},"end":{"line":48,"column":11}},"18":{"start":{"line":56,"column":4},"end":{"line":69,"column":5}},"19":{"start":{"line":58,"column":31},"end":{"line":58,"column":45}},"20":{"start":{"line":59,"column":21},"end":{"line":59,"column":33}},"21":{"start":{"line":60,"column":25},"end":{"line":60,"column":64}},"22":{"start":{"line":62,"column":8},"end":{"line":62,"column":71}},"23":{"start":{"line":64,"column":8},"end":{"line":64,"column":56}},"24":{"start":{"line":65,"column":8},"end":{"line":68,"column":11}},"25":{"start":{"line":76,"column":4},"end":{"line":86,"column":5}},"26":{"start":{"line":77,"column":31},"end":{"line":77,"column":45}},"27":{"start":{"line":78,"column":8},"end":{"line":78,"column":41}},"28":{"start":{"line":79,"column":8},"end":{"line":79,"column":38}},"29":{"start":{"line":81,"column":8},"end":{"line":81,"column":56}},"30":{"start":{"line":82,"column":8},"end":{"line":85,"column":11}}},"fnMap":{"0":{"name":"listLanguages","decl":{"start":{"line":17,"column":22},"end":{"line":17,"column":35}},"loc":{"start":{"line":19,"column":23},"end":{"line":32,"column":null}}},"1":{"name":"createLanguage","decl":{"start":{"line":34,"column":22},"end":{"line":34,"column":36}},"loc":{"start":{"line":36,"column":23},"end":{"line":50,"column":null}}},"2":{"name":"updateLanguage","decl":{"start":{"line":52,"column":22},"end":{"line":52,"column":36}},"loc":{"start":{"line":54,"column":23},"end":{"line":70,"column":null}}},"3":{"name":"deleteLanguage","decl":{"start":{"line":72,"column":22},"end":{"line":72,"column":36}},"loc":{"start":{"line":74,"column":23},"end":{"line":87,"column":null}}}},"branchMap":{"0":{"loc":{"start":{"line":27,"column":26},"end":{"line":27,"column":49}},"type":"binary-expr","locations":[{"start":{"line":27,"column":26},"end":{"line":27,"column":42}},{"start":{"line":27,"column":46},"end":{"line":27,"column":49}}]},"1":{"loc":{"start":{"line":29,"column":21},"end":{"line":29,"column":64}},"type":"binary-expr","locations":[{"start":{"line":29,"column":21},"end":{"line":29,"column":34}},{"start":{"line":29,"column":38},"end":{"line":29,"column":64}}]},"2":{"loc":{"start":{"line":45,"column":26},"end":{"line":45,"column":49}},"type":"binary-expr","locations":[{"start":{"line":45,"column":26},"end":{"line":45,"column":42}},{"start":{"line":45,"column":46},"end":{"line":45,"column":49}}]},"3":{"loc":{"start":{"line":47,"column":21},"end":{"line":47,"column":65}},"type":"binary-expr","locations":[{"start":{"line":47,"column":21},"end":{"line":47,"column":34}},{"start":{"line":47,"column":38},"end":{"line":47,"column":65}}]},"4":{"loc":{"start":{"line":65,"column":26},"end":{"line":65,"column":49}},"type":"binary-expr","locations":[{"start":{"line":65,"column":26},"end":{"line":65,"column":42}},{"start":{"line":65,"column":46},"end":{"line":65,"column":49}}]},"5":{"loc":{"start":{"line":67,"column":21},"end":{"line":67,"column":65}},"type":"binary-expr","locations":[{"start":{"line":67,"column":21},"end":{"line":67,"column":34}},{"start":{"line":67,"column":38},"end":{"line":67,"column":65}}]},"6":{"loc":{"start":{"line":82,"column":26},"end":{"line":82,"column":49}},"type":"binary-expr","locations":[{"start":{"line":82,"column":26},"end":{"line":82,"column":42}},{"start":{"line":82,"column":46},"end":{"line":82,"column":49}}]},"7":{"loc":{"start":{"line":84,"column":21},"end":{"line":84,"column":65}},"type":"binary-expr","locations":[{"start":{"line":84,"column":21},"end":{"line":84,"column":34}},{"start":{"line":84,"column":38},"end":{"line":84,"column":65}}]}},"s":{"0":8,"1":8,"2":8,"3":8,"4":8,"5":0,"6":0,"7":0,"8":0,"9":0,"10":0,"11":0,"12":0,"13":0,"14":0,"15":0,"16":0,"17":0,"18":0,"19":0,"20":0,"21":0,"22":0,"23":0,"24":0,"25":0,"26":0,"27":0,"28":0,"29":0,"30":0},"f":{"0":0,"1":0,"2":0,"3":0},"b":{"0":[0,0],"1":[0,0],"2":[0,0],"3":[0,0],"4":[0,0],"5":[0,0],"6":[0,0],"7":[0,0]}}
,"C:\\Users\\Dell\\Documents\\Parcours universitaires\\M1 MIAGE\\PDL\\Monter en compétence API JavaScript\\Backend\\app\\handlers\\profileInfoHandler.ts": {"path":"C:\\Users\\Dell\\Documents\\Parcours universitaires\\M1 MIAGE\\PDL\\Monter en compétence API JavaScript\\Backend\\app\\handlers\\profileInfoHandler.ts","statementMap":{"0":{"start":{"line":6,"column":0},"end":{"line":6,"column":22}},"1":{"start":{"line":21,"column":0},"end":{"line":21,"column":22}},"2":{"start":{"line":2,"column":0},"end":{"line":2,"column":64}},"3":{"start":{"line":7,"column":4},"end":{"line":18,"column":5}},"4":{"start":{"line":8,"column":21},"end":{"line":8,"column":36}},"5":{"start":{"line":9,"column":21},"end":{"line":9,"column":36}},"6":{"start":{"line":10,"column":23},"end":{"line":10,"column":69}},"7":{"start":{"line":11,"column":8},"end":{"line":11,"column":84}},"8":{"start":{"line":13,"column":8},"end":{"line":13,"column":49}},"9":{"start":{"line":14,"column":8},"end":{"line":17,"column":11}},"10":{"start":{"line":22,"column":4},"end":{"line":33,"column":5}},"11":{"start":{"line":23,"column":21},"end":{"line":23,"column":36}},"12":{"start":{"line":24,"column":21},"end":{"line":24,"column":36}},"13":{"start":{"line":25,"column":23},"end":{"line":25,"column":72}},"14":{"start":{"line":26,"column":8},"end":{"line":26,"column":84}},"15":{"start":{"line":28,"column":8},"end":{"line":28,"column":52}},"16":{"start":{"line":29,"column":8},"end":{"line":32,"column":11}}},"fnMap":{"0":{"name":"addProfileInfo","decl":{"start":{"line":6,"column":22},"end":{"line":6,"column":36}},"loc":{"start":{"line":6,"column":99},"end":{"line":19,"column":null}}},"1":{"name":"updateProfileInfo","decl":{"start":{"line":21,"column":22},"end":{"line":21,"column":39}},"loc":{"start":{"line":21,"column":102},"end":{"line":34,"column":null}}}},"branchMap":{"0":{"loc":{"start":{"line":14,"column":26},"end":{"line":14,"column":49}},"type":"binary-expr","locations":[{"start":{"line":14,"column":26},"end":{"line":14,"column":42}},{"start":{"line":14,"column":46},"end":{"line":14,"column":49}}]},"1":{"loc":{"start":{"line":16,"column":21},"end":{"line":16,"column":66}},"type":"binary-expr","locations":[{"start":{"line":16,"column":21},"end":{"line":16,"column":34}},{"start":{"line":16,"column":38},"end":{"line":16,"column":66}}]},"2":{"loc":{"start":{"line":29,"column":26},"end":{"line":29,"column":49}},"type":"binary-expr","locations":[{"start":{"line":29,"column":26},"end":{"line":29,"column":42}},{"start":{"line":29,"column":46},"end":{"line":29,"column":49}}]},"3":{"loc":{"start":{"line":31,"column":21},"end":{"line":31,"column":69}},"type":"binary-expr","locations":[{"start":{"line":31,"column":21},"end":{"line":31,"column":34}},{"start":{"line":31,"column":38},"end":{"line":31,"column":69}}]}},"s":{"0":8,"1":8,"2":8,"3":0,"4":0,"5":0,"6":0,"7":0,"8":0,"9":0,"10":0,"11":0,"12":0,"13":0,"14":0,"15":0,"16":0},"f":{"0":0,"1":0},"b":{"0":[0,0],"1":[0,0],"2":[0,0],"3":[0,0]}}
,"C:\\Users\\Dell\\Documents\\Parcours universitaires\\M1 MIAGE\\PDL\\Monter en compétence API JavaScript\\Backend\\app\\handlers\\skillHandler.ts": {"path":"C:\\Users\\Dell\\Documents\\Parcours universitaires\\M1 MIAGE\\PDL\\Monter en compétence API JavaScript\\Backend\\app\\handlers\\skillHandler.ts","statementMap":{"0":{"start":{"line":7,"column":0},"end":{"line":7,"column":22}},"1":{"start":{"line":17,"column":0},"end":{"line":17,"column":22}},"2":{"start":{"line":2,"column":0},"end":{"line":2,"column":52}},"3":{"start":{"line":8,"column":4},"end":{"line":14,"column":5}},"4":{"start":{"line":9,"column":25},"end":{"line":9,"column":90}},"5":{"start":{"line":10,"column":8},"end":{"line":10,"column":75}},"6":{"start":{"line":12,"column":8},"end":{"line":12,"column":40}},"7":{"start":{"line":13,"column":8},"end":{"line":13,"column":118}},"8":{"start":{"line":18,"column":4},"end":{"line":24,"column":5}},"9":{"start":{"line":19,"column":8},"end":{"line":19,"column":71}},"10":{"start":{"line":20,"column":8},"end":{"line":20,"column":38}},"11":{"start":{"line":22,"column":8},"end":{"line":22,"column":42}},"12":{"start":{"line":23,"column":8},"end":{"line":23,"column":120}}},"fnMap":{"0":{"name":"addSkills","decl":{"start":{"line":7,"column":22},"end":{"line":7,"column":31}},"loc":{"start":{"line":7,"column":94},"end":{"line":15,"column":null}}},"1":{"name":"deleteSkill","decl":{"start":{"line":17,"column":22},"end":{"line":17,"column":33}},"loc":{"start":{"line":17,"column":101},"end":{"line":25,"column":null}}}},"branchMap":{"0":{"loc":{"start":{"line":13,"column":26},"end":{"line":13,"column":45}},"type":"binary-expr","locations":[{"start":{"line":13,"column":26},"end":{"line":13,"column":38}},{"start":{"line":13,"column":42},"end":{"line":13,"column":45}}]},"1":{"loc":{"start":{"line":13,"column":79},"end":{"line":13,"column":114}},"type":"binary-expr","locations":[{"start":{"line":13,"column":79},"end":{"line":13,"column":88}},{"start":{"line":13,"column":92},"end":{"line":13,"column":114}}]},"2":{"loc":{"start":{"line":23,"column":26},"end":{"line":23,"column":45}},"type":"binary-expr","locations":[{"start":{"line":23,"column":26},"end":{"line":23,"column":38}},{"start":{"line":23,"column":42},"end":{"line":23,"column":45}}]},"3":{"loc":{"start":{"line":23,"column":79},"end":{"line":23,"column":116}},"type":"binary-expr","locations":[{"start":{"line":23,"column":79},"end":{"line":23,"column":88}},{"start":{"line":23,"column":92},"end":{"line":23,"column":116}}]}},"s":{"0":8,"1":8,"2":8,"3":0,"4":0,"5":0,"6":0,"7":0,"8":0,"9":0,"10":0,"11":0,"12":0},"f":{"0":0,"1":0},"b":{"0":[0,0],"1":[0,0],"2":[0,0],"3":[0,0]}}
,"C:\\Users\\Dell\\Documents\\Parcours universitaires\\M1 MIAGE\\PDL\\Monter en compétence API JavaScript\\Backend\\app\\middlewares\\authMiddleware.ts": {"path":"C:\\Users\\Dell\\Documents\\Parcours universitaires\\M1 MIAGE\\PDL\\Monter en compétence API JavaScript\\Backend\\app\\middlewares\\authMiddleware.ts","statementMap":{"0":{"start":{"line":4,"column":0},"end":{"line":4,"column":22}},"1":{"start":{"line":2,"column":0},"end":{"line":2,"column":55}},"2":{"start":{"line":5,"column":14},"end":{"line":5,"column":58}},"3":{"start":{"line":6,"column":2},"end":{"line":8,"column":3}},"4":{"start":{"line":7,"column":4},"end":{"line":7,"column":93}},"5":{"start":{"line":11,"column":16},"end":{"line":11,"column":103}},"6":{"start":{"line":13,"column":2},"end":{"line":29,"column":3}},"7":{"start":{"line":14,"column":20},"end":{"line":14,"column":68}},"8":{"start":{"line":15,"column":4},"end":{"line":17,"column":5}},"9":{"start":{"line":16,"column":6},"end":{"line":16,"column":80}},"10":{"start":{"line":21,"column":36},"end":{"line":21,"column":50}},"11":{"start":{"line":22,"column":4},"end":{"line":24,"column":5}},"12":{"start":{"line":23,"column":6},"end":{"line":23,"column":40}},"13":{"start":{"line":25,"column":5},"end":{"line":25,"column":45}},"14":{"start":{"line":28,"column":4},"end":{"line":28,"column":78}},"15":{"start":{"line":32,"column":43},"end":{"line":34,"column":2}},"16":{"start":{"line":32,"column":61},"end":{"line":34,"column":2}},"17":{"start":{"line":33,"column":2},"end":{"line":33,"column":45}},"18":{"start":{"line":36,"column":0},"end":{"line":36,"column":30}}},"fnMap":{"0":{"name":"requireAuth","decl":{"start":{"line":4,"column":22},"end":{"line":4,"column":33}},"loc":{"start":{"line":4,"column":78},"end":{"line":30,"column":null}}},"1":{"name":"(anonymous_18)","decl":{"start":{"line":32,"column":43},"end":{"line":32,"column":50}},"loc":{"start":{"line":32,"column":61},"end":{"line":34,"column":2}}},"2":{"name":"(anonymous_19)","decl":{"start":{"line":32,"column":61},"end":{"line":32,"column":null}},"loc":{"start":{"line":32,"column":61},"end":{"line":34,"column":1}}}},"branchMap":{"0":{"loc":{"start":{"line":5,"column":15},"end":{"line":5,"column":50}},"type":"binary-expr","locations":[{"start":{"line":5,"column":15},"end":{"line":5,"column":44}},{"start":{"line":5,"column":48},"end":{"line":5,"column":50}}]},"1":{"loc":{"start":{"line":6,"column":2},"end":{"line":8,"column":3}},"type":"if","locations":[{"start":{"line":6,"column":2},"end":{"line":8,"column":3}}]},"2":{"loc":{"start":{"line":11,"column":16},"end":{"line":11,"column":103}},"type":"cond-expr","locations":[{"start":{"line":11,"column":73},"end":{"line":11,"column":97}},{"start":{"line":11,"column":100},"end":{"line":11,"column":103}}]},"3":{"loc":{"start":{"line":11,"column":16},"end":{"line":11,"column":70}},"type":"binary-expr","locations":[{"start":{"line":11,"column":16},"end":{"line":11,"column":41}},{"start":{"line":11,"column":45},"end":{"line":11,"column":70}}]},"4":{"loc":{"start":{"line":15,"column":4},"end":{"line":17,"column":5}},"type":"if","locations":[{"start":{"line":15,"column":4},"end":{"line":17,"column":5}}]},"5":{"loc":{"start":{"line":22,"column":4},"end":{"line":24,"column":5}},"type":"if","locations":[{"start":{"line":22,"column":4},"end":{"line":24,"column":5}}]},"6":{"loc":{"start":{"line":22,"column":8},"end":{"line":22,"column":77}},"type":"binary-expr","locations":[{"start":{"line":22,"column":8},"end":{"line":22,"column":42}},{"start":{"line":22,"column":46},"end":{"line":22,"column":77}}]}},"s":{"0":8,"1":8,"2":3,"3":3,"4":0,"5":3,"6":3,"7":3,"8":0,"9":0,"10":0,"11":0,"12":0,"13":0,"14":3,"15":8,"16":0,"17":0,"18":8},"f":{"0":3,"1":0,"2":0},"b":{"0":[3,0],"1":[0],"2":[3,0],"3":[3,0],"4":[0],"5":[0],"6":[0,0]}}
,"C:\\Users\\Dell\\Documents\\Parcours universitaires\\M1 MIAGE\\PDL\\Monter en compétence API JavaScript\\Backend\\app\\middlewares\\cvOwnershipMiddleware.ts": {"path":"C:\\Users\\Dell\\Documents\\Parcours universitaires\\M1 MIAGE\\PDL\\Monter en compétence API JavaScript\\Backend\\app\\middlewares\\cvOwnershipMiddleware.ts","statementMap":{"0":{"start":{"line":10,"column":0},"end":{"line":10,"column":22}},"1":{"start":{"line":2,"column":0},"end":{"line":2,"column":47}},"2":{"start":{"line":3,"column":0},"end":{"line":3,"column":48}},"3":{"start":{"line":11,"column":2},"end":{"line":39,"column":3}},"4":{"start":{"line":12,"column":24},"end":{"line":12,"column":44}},"5":{"start":{"line":13,"column":4},"end":{"line":13,"column":36}},"6":{"start":{"line":13,"column":29},"end":{"line":13,"column":36}},"7":{"start":{"line":15,"column":17},"end":{"line":15,"column":36}},"8":{"start":{"line":16,"column":4},"end":{"line":19,"column":5}},"9":{"start":{"line":17,"column":18},"end":{"line":17,"column":126}},"10":{"start":{"line":18,"column":6},"end":{"line":18,"column":59}},"11":{"start":{"line":21,"column":19},"end":{"line":21,"column":44}},"12":{"start":{"line":22,"column":4},"end":{"line":25,"column":5}},"13":{"start":{"line":23,"column":18},"end":{"line":23,"column":104}},"14":{"start":{"line":24,"column":6},"end":{"line":24,"column":59}},"15":{"start":{"line":27,"column":15},"end":{"line":27,"column":73}},"16":{"start":{"line":28,"column":4},"end":{"line":31,"column":5}},"17":{"start":{"line":29,"column":18},"end":{"line":29,"column":121}},"18":{"start":{"line":30,"column":6},"end":{"line":30,"column":59}},"19":{"start":{"line":34,"column":4},"end":{"line":34,"column":11}},"20":{"start":{"line":37,"column":16},"end":{"line":37,"column":149}},"21":{"start":{"line":38,"column":4},"end":{"line":38,"column":57}},"22":{"start":{"line":42,"column":0},"end":{"line":42,"column":34}}},"fnMap":{"0":{"name":"requireCvOwnership","decl":{"start":{"line":10,"column":22},"end":{"line":10,"column":40}},"loc":{"start":{"line":10,"column":85},"end":{"line":40,"column":null}}}},"branchMap":{"0":{"loc":{"start":{"line":12,"column":24},"end":{"line":12,"column":44}},"type":"binary-expr","locations":[{"start":{"line":12,"column":24},"end":{"line":12,"column":38}},{"start":{"line":12,"column":42},"end":{"line":12,"column":44}}]},"1":{"loc":{"start":{"line":13,"column":4},"end":{"line":13,"column":36}},"type":"if","locations":[{"start":{"line":13,"column":4},"end":{"line":13,"column":36}}]},"2":{"loc":{"start":{"line":16,"column":4},"end":{"line":19,"column":5}},"type":"if","locations":[{"start":{"line":16,"column":4},"end":{"line":19,"column":5}}]},"3":{"loc":{"start":{"line":21,"column":19},"end":{"line":21,"column":44}},"type":"cond-expr","locations":[{"start":{"line":21,"column":40},"end":{"line":21,"column":42}},{"start":{"line":21,"column":40},"end":{"line":21,"column":44}}]},"4":{"loc":{"start":{"line":21,"column":19},"end":{"line":21,"column":42}},"type":"binary-expr","locations":[{"start":{"line":21,"column":19},"end":{"line":21,"column":42}},{"start":{"line":21,"column":40},"end":{"line":21,"column":42}}]},"5":{"loc":{"start":{"line":22,"column":4},"end":{"line":25,"column":5}},"type":"if","locations":[{"start":{"line":22,"column":4},"end":{"line":25,"column":5}}]},"6":{"loc":{"start":{"line":28,"column":4},"end":{"line":31,"column":5}},"type":"if","locations":[{"start":{"line":28,"column":4},"end":{"line":31,"column":5}}]}},"s":{"0":8,"1":8,"2":8,"3":0,"4":0,"5":0,"6":0,"7":0,"8":0,"9":0,"10":0,"11":0,"12":0,"13":0,"14":0,"15":0,"16":0,"17":0,"18":0,"19":0,"20":0,"21":0,"22":8},"f":{"0":0},"b":{"0":[0,0],"1":[0],"2":[0],"3":[0,0],"4":[0,0],"5":[0],"6":[0]}}
,"C:\\Users\\Dell\\Documents\\Parcours universitaires\\M1 MIAGE\\PDL\\Monter en compétence API JavaScript\\Backend\\app\\routers\\baseHeaders.ts": {"path":"C:\\Users\\Dell\\Documents\\Parcours universitaires\\M1 MIAGE\\PDL\\Monter en compétence API JavaScript\\Backend\\app\\routers\\baseHeaders.ts","statementMap":{"0":{"start":{"line":1,"column":0},"end":{"line":1,"column":41}},"1":{"start":{"line":3,"column":13},"end":{"line":8,"column":2}}},"fnMap":{},"branchMap":{},"s":{"0":8,"1":8},"f":{},"b":{}}
,"C:\\Users\\Dell\\Documents\\Parcours universitaires\\M1 MIAGE\\PDL\\Monter en compétence API JavaScript\\Backend\\app\\routers\\baseSchema.ts": {"path":"C:\\Users\\Dell\\Documents\\Parcours universitaires\\M1 MIAGE\\PDL\\Monter en compétence API JavaScript\\Backend\\app\\routers\\baseSchema.ts","statementMap":{"0":{"start":{"line":1,"column":0},"end":{"line":1,"column":48}},"1":{"start":{"line":3,"column":13},"end":{"line":7,"column":2}}},"fnMap":{},"branchMap":{},"s":{"0":8,"1":8},"f":{},"b":{}}
,"C:\\Users\\Dell\\Documents\\Parcours universitaires\\M1 MIAGE\\PDL\\Monter en compétence API JavaScript\\Backend\\app\\routers\\auth\\auth.router.ts": {"path":"C:\\Users\\Dell\\Documents\\Parcours universitaires\\M1 MIAGE\\PDL\\Monter en compétence API JavaScript\\Backend\\app\\routers\\auth\\auth.router.ts","statementMap":{"0":{"start":{"line":2,"column":0},"end":{"line":2,"column":61}},"1":{"start":{"line":3,"column":0},"end":{"line":3,"column":60}},"2":{"start":{"line":7,"column":19},"end":{"line":13,"column":2}},"3":{"start":{"line":7,"column":54},"end":{"line":13,"column":2}},"4":{"start":{"line":9,"column":2},"end":{"line":9,"column":90}},"5":{"start":{"line":12,"column":2},"end":{"line":12,"column":99}},"6":{"start":{"line":15,"column":0},"end":{"line":15,"column":26}}},"fnMap":{"0":{"name":"(anonymous_7)","decl":{"start":{"line":7,"column":19},"end":{"line":7,"column":26}},"loc":{"start":{"line":7,"column":54},"end":{"line":13,"column":2}}},"1":{"name":"(anonymous_8)","decl":{"start":{"line":7,"column":54},"end":{"line":7,"column":null}},"loc":{"start":{"line":7,"column":54},"end":{"line":13,"column":1}}}},"branchMap":{},"s":{"0":8,"1":8,"2":8,"3":8,"4":8,"5":8,"6":8},"f":{"0":8,"1":8},"b":{}}
,"C:\\Users\\Dell\\Documents\\Parcours universitaires\\M1 MIAGE\\PDL\\Monter en compétence API JavaScript\\Backend\\app\\routers\\auth\\auth.schema.ts": {"path":"C:\\Users\\Dell\\Documents\\Parcours universitaires\\M1 MIAGE\\PDL\\Monter en compétence API JavaScript\\Backend\\app\\routers\\auth\\auth.schema.ts","statementMap":{"0":{"start":{"line":1,"column":0},"end":{"line":1,"column":41}},"1":{"start":{"line":2,"column":0},"end":{"line":2,"column":53}},"2":{"start":{"line":6,"column":35},"end":{"line":6,"column":36}},"3":{"start":{"line":8,"column":13},"end":{"line":27,"column":2}},"4":{"start":{"line":28,"column":13},"end":{"line":46,"column":2}}},"fnMap":{},"branchMap":{},"s":{"0":8,"1":8,"2":8,"3":8,"4":8},"f":{},"b":{}}
,"C:\\Users\\Dell\\Documents\\Parcours universitaires\\M1 MIAGE\\PDL\\Monter en compétence API JavaScript\\Backend\\app\\routers\\certification\\certification.router.ts": {"path":"C:\\Users\\Dell\\Documents\\Parcours universitaires\\M1 MIAGE\\PDL\\Monter en compétence API JavaScript\\Backend\\app\\routers\\certification\\certification.router.ts","statementMap":{"0":{"start":{"line":2,"column":0},"end":{"line":2,"column":60}},"1":{"start":{"line":3,"column":0},"end":{"line":3,"column":116}},"2":{"start":{"line":5,"column":28},"end":{"line":12,"column":2}},"3":{"start":{"line":5,"column":63},"end":{"line":12,"column":2}},"4":{"start":{"line":8,"column":4},"end":{"line":8,"column":124}},"5":{"start":{"line":9,"column":4},"end":{"line":9,"column":136}},"6":{"start":{"line":10,"column":4},"end":{"line":10,"column":139}},"7":{"start":{"line":14,"column":0},"end":{"line":14,"column":35}}},"fnMap":{"0":{"name":"(anonymous_16)","decl":{"start":{"line":5,"column":28},"end":{"line":5,"column":35}},"loc":{"start":{"line":5,"column":63},"end":{"line":12,"column":2}}},"1":{"name":"(anonymous_17)","decl":{"start":{"line":5,"column":63},"end":{"line":5,"column":null}},"loc":{"start":{"line":5,"column":63},"end":{"line":12,"column":1}}}},"branchMap":{},"s":{"0":8,"1":8,"2":8,"3":16,"4":16,"5":16,"6":16,"7":8},"f":{"0":16,"1":16},"b":{}}
,"C:\\Users\\Dell\\Documents\\Parcours universitaires\\M1 MIAGE\\PDL\\Monter en compétence API JavaScript\\Backend\\app\\routers\\certification\\certification.schema.ts": {"path":"C:\\Users\\Dell\\Documents\\Parcours universitaires\\M1 MIAGE\\PDL\\Monter en compétence API JavaScript\\Backend\\app\\routers\\certification\\certification.schema.ts","statementMap":{"0":{"start":{"line":1,"column":0},"end":{"line":1,"column":41}},"1":{"start":{"line":2,"column":0},"end":{"line":2,"column":53}},"2":{"start":{"line":3,"column":0},"end":{"line":3,"column":50}},"3":{"start":{"line":5,"column":19},"end":{"line":7,"column":2}},"4":{"start":{"line":9,"column":22},"end":{"line":13,"column":6}},"5":{"start":{"line":10,"column":4},"end":{"line":13,"column":6}},"6":{"start":{"line":16,"column":13},"end":{"line":31,"column":2}},"7":{"start":{"line":33,"column":13},"end":{"line":48,"column":2}},"8":{"start":{"line":50,"column":13},"end":{"line":54,"column":2}}},"fnMap":{"0":{"name":"(anonymous_0)","decl":{"start":{"line":9,"column":22},"end":{"line":9,"column":23}},"loc":{"start":{"line":10,"column":4},"end":{"line":13,"column":6}}}},"branchMap":{},"s":{"0":8,"1":8,"2":8,"3":8,"4":8,"5":16,"6":8,"7":8,"8":8},"f":{"0":16},"b":{}}
,"C:\\Users\\Dell\\Documents\\Parcours universitaires\\M1 MIAGE\\PDL\\Monter en compétence API JavaScript\\Backend\\app\\routers\\cv\\cv.router.ts": {"path":"C:\\Users\\Dell\\Documents\\Parcours universitaires\\M1 MIAGE\\PDL\\Monter en compétence API JavaScript\\Backend\\app\\routers\\cv\\cv.router.ts","statementMap":{"0":{"start":{"line":2,"column":0},"end":{"line":2,"column":49}},"1":{"start":{"line":3,"column":0},"end":{"line":3,"column":84}},"2":{"start":{"line":4,"column":0},"end":{"line":4,"column":60}},"3":{"start":{"line":5,"column":0},"end":{"line":5,"column":48}},"4":{"start":{"line":6,"column":0},"end":{"line":6,"column":72}},"5":{"start":{"line":7,"column":0},"end":{"line":7,"column":57}},"6":{"start":{"line":8,"column":0},"end":{"line":8,"column":62}},"7":{"start":{"line":9,"column":0},"end":{"line":9,"column":57}},"8":{"start":{"line":10,"column":0},"end":{"line":10,"column":62}},"9":{"start":{"line":11,"column":0},"end":{"line":11,"column":79}},"10":{"start":{"line":12,"column":0},"end":{"line":12,"column":73}},"11":{"start":{"line":15,"column":17},"end":{"line":41,"column":2}},"12":{"start":{"line":15,"column":52},"end":{"line":41,"column":2}},"13":{"start":{"line":16,"column":4},"end":{"line":40,"column":7}},"14":{"start":{"line":16,"column":38},"end":{"line":40,"column":6}},"15":{"start":{"line":18,"column":8},"end":{"line":18,"column":50}},"16":{"start":{"line":20,"column":8},"end":{"line":26,"column":11}},"17":{"start":{"line":20,"column":58},"end":{"line":26,"column":10}},"18":{"start":{"line":21,"column":32},"end":{"line":21,"column":48}},"19":{"start":{"line":22,"column":12},"end":{"line":24,"column":13}},"20":{"start":{"line":23,"column":16},"end":{"line":23,"column":54}},"21":{"start":{"line":25,"column":12},"end":{"line":25,"column":19}},"22":{"start":{"line":28,"column":8},"end":{"line":28,"column":96}},"23":{"start":{"line":29,"column":8},"end":{"line":29,"column":98}},"24":{"start":{"line":30,"column":8},"end":{"line":30,"column":104}},"25":{"start":{"line":31,"column":8},"end":{"line":31,"column":105}},"26":{"start":{"line":33,"column":8},"end":{"line":33,"column":73}},"27":{"start":{"line":34,"column":8},"end":{"line":34,"column":65}},"28":{"start":{"line":35,"column":8},"end":{"line":35,"column":81}},"29":{"start":{"line":36,"column":8},"end":{"line":36,"column":71}},"30":{"start":{"line":37,"column":8},"end":{"line":37,"column":78}},"31":{"start":{"line":38,"column":8},"end":{"line":38,"column":71}},"32":{"start":{"line":39,"column":8},"end":{"line":39,"column":75}},"33":{"start":{"line":43,"column":0},"end":{"line":43,"column":24}}},"fnMap":{"0":{"name":"(anonymous_17)","decl":{"start":{"line":15,"column":17},"end":{"line":15,"column":24}},"loc":{"start":{"line":15,"column":52},"end":{"line":41,"column":2}}},"1":{"name":"(anonymous_18)","decl":{"start":{"line":15,"column":52},"end":{"line":15,"column":null}},"loc":{"start":{"line":15,"column":52},"end":{"line":41,"column":1}}},"2":{"name":"(anonymous_19)","decl":{"start":{"line":16,"column":21},"end":{"line":16,"column":28}},"loc":{"start":{"line":16,"column":38},"end":{"line":40,"column":6}}},"3":{"name":"(anonymous_20)","decl":{"start":{"line":16,"column":38},"end":{"line":16,"column":null}},"loc":{"start":{"line":16,"column":38},"end":{"line":40,"column":5}}},"4":{"name":"(anonymous_21)","decl":{"start":{"line":20,"column":37},"end":{"line":20,"column":44}},"loc":{"start":{"line":20,"column":58},"end":{"line":26,"column":10}}},"5":{"name":"(anonymous_22)","decl":{"start":{"line":20,"column":58},"end":{"line":20,"column":null}},"loc":{"start":{"line":20,"column":58},"end":{"line":26,"column":9}}}},"branchMap":{"0":{"loc":{"start":{"line":21,"column":32},"end":{"line":21,"column":48}},"type":"binary-expr","locations":[{"start":{"line":21,"column":32},"end":{"line":21,"column":42}},{"start":{"line":21,"column":46},"end":{"line":21,"column":48}}]},"1":{"loc":{"start":{"line":22,"column":12},"end":{"line":24,"column":13}},"type":"if","locations":[{"start":{"line":22,"column":12},"end":{"line":24,"column":13}}]}},"s":{"0":8,"1":8,"2":8,"3":8,"4":8,"5":8,"6":8,"7":8,"8":8,"9":8,"10":8,"11":8,"12":8,"13":8,"14":8,"15":8,"16":8,"17":0,"18":0,"19":0,"20":0,"21":0,"22":8,"23":8,"24":8,"25":8,"26":8,"27":8,"28":8,"29":8,"30":8,"31":8,"32":8,"33":8},"f":{"0":8,"1":8,"2":8,"3":8,"4":0,"5":0},"b":{"0":[0,0],"1":[0]}}
,"C:\\Users\\Dell\\Documents\\Parcours universitaires\\M1 MIAGE\\PDL\\Monter en compétence API JavaScript\\Backend\\app\\routers\\cv\\cv.schema.ts": {"path":"C:\\Users\\Dell\\Documents\\Parcours universitaires\\M1 MIAGE\\PDL\\Monter en compétence API JavaScript\\Backend\\app\\routers\\cv\\cv.schema.ts","statementMap":{"0":{"start":{"line":1,"column":0},"end":{"line":1,"column":41}},"1":{"start":{"line":2,"column":0},"end":{"line":2,"column":53}},"2":{"start":{"line":3,"column":0},"end":{"line":3,"column":50}},"3":{"start":{"line":5,"column":13},"end":{"line":30,"column":2}},"4":{"start":{"line":32,"column":13},"end":{"line":49,"column":2}},"5":{"start":{"line":51,"column":13},"end":{"line":125,"column":2}},"6":{"start":{"line":127,"column":13},"end":{"line":136,"column":2}}},"fnMap":{},"branchMap":{},"s":{"0":8,"1":8,"2":8,"3":8,"4":8,"5":8,"6":8},"f":{},"b":{}}
,"C:\\Users\\Dell\\Documents\\Parcours universitaires\\M1 MIAGE\\PDL\\Monter en compétence API JavaScript\\Backend\\app\\routers\\education\\education.router.ts": {"path":"C:\\Users\\Dell\\Documents\\Parcours universitaires\\M1 MIAGE\\PDL\\Monter en compétence API JavaScript\\Backend\\app\\routers\\education\\education.router.ts","statementMap":{"0":{"start":{"line":2,"column":0},"end":{"line":2,"column":56}},"1":{"start":{"line":3,"column":0},"end":{"line":3,"column":100}},"2":{"start":{"line":5,"column":24},"end":{"line":11,"column":2}},"3":{"start":{"line":5,"column":59},"end":{"line":11,"column":2}},"4":{"start":{"line":8,"column":4},"end":{"line":8,"column":112}},"5":{"start":{"line":9,"column":4},"end":{"line":9,"column":123}},"6":{"start":{"line":10,"column":4},"end":{"line":10,"column":126}},"7":{"start":{"line":13,"column":0},"end":{"line":13,"column":31}}},"fnMap":{"0":{"name":"(anonymous_16)","decl":{"start":{"line":5,"column":24},"end":{"line":5,"column":31}},"loc":{"start":{"line":5,"column":59},"end":{"line":11,"column":2}}},"1":{"name":"(anonymous_17)","decl":{"start":{"line":5,"column":59},"end":{"line":5,"column":null}},"loc":{"start":{"line":5,"column":59},"end":{"line":11,"column":1}}}},"branchMap":{},"s":{"0":8,"1":8,"2":8,"3":16,"4":16,"5":16,"6":16,"7":8},"f":{"0":16,"1":16},"b":{}}
,"C:\\Users\\Dell\\Documents\\Parcours universitaires\\M1 MIAGE\\PDL\\Monter en compétence API JavaScript\\Backend\\app\\routers\\education\\education.schema.ts": {"path":"C:\\Users\\Dell\\Documents\\Parcours universitaires\\M1 MIAGE\\PDL\\Monter en compétence API JavaScript\\Backend\\app\\routers\\education\\education.schema.ts","statementMap":{"0":{"start":{"line":1,"column":0},"end":{"line":1,"column":41}},"1":{"start":{"line":2,"column":0},"end":{"line":2,"column":53}},"2":{"start":{"line":3,"column":0},"end":{"line":3,"column":50}},"3":{"start":{"line":5,"column":19},"end":{"line":7,"column":2}},"4":{"start":{"line":9,"column":22},"end":{"line":13,"column":6}},"5":{"start":{"line":10,"column":4},"end":{"line":13,"column":6}},"6":{"start":{"line":15,"column":13},"end":{"line":31,"column":2}},"7":{"start":{"line":33,"column":13},"end":{"line":49,"column":2}},"8":{"start":{"line":51,"column":13},"end":{"line":55,"column":2}}},"fnMap":{"0":{"name":"(anonymous_0)","decl":{"start":{"line":9,"column":22},"end":{"line":9,"column":23}},"loc":{"start":{"line":10,"column":4},"end":{"line":13,"column":6}}}},"branchMap":{},"s":{"0":8,"1":8,"2":8,"3":8,"4":8,"5":16,"6":8,"7":8,"8":8},"f":{"0":16},"b":{}}
,"C:\\Users\\Dell\\Documents\\Parcours universitaires\\M1 MIAGE\\PDL\\Monter en compétence API JavaScript\\Backend\\app\\routers\\experience\\experience.route.ts": {"path":"C:\\Users\\Dell\\Documents\\Parcours universitaires\\M1 MIAGE\\PDL\\Monter en compétence API JavaScript\\Backend\\app\\routers\\experience\\experience.route.ts","statementMap":{"0":{"start":{"line":2,"column":0},"end":{"line":2,"column":57}},"1":{"start":{"line":3,"column":0},"end":{"line":3,"column":null}},"2":{"start":{"line":11,"column":25},"end":{"line":19,"column":2}},"3":{"start":{"line":11,"column":60},"end":{"line":19,"column":2}},"4":{"start":{"line":14,"column":4},"end":{"line":14,"column":118}},"5":{"start":{"line":15,"column":4},"end":{"line":15,"column":121}},"6":{"start":{"line":16,"column":4},"end":{"line":16,"column":135}},"7":{"start":{"line":17,"column":4},"end":{"line":17,"column":133}},"8":{"start":{"line":18,"column":4},"end":{"line":18,"column":136}},"9":{"start":{"line":21,"column":0},"end":{"line":21,"column":32}}},"fnMap":{"0":{"name":"(anonymous_16)","decl":{"start":{"line":11,"column":25},"end":{"line":11,"column":32}},"loc":{"start":{"line":11,"column":60},"end":{"line":19,"column":2}}},"1":{"name":"(anonymous_17)","decl":{"start":{"line":11,"column":60},"end":{"line":11,"column":null}},"loc":{"start":{"line":11,"column":60},"end":{"line":19,"column":1}}}},"branchMap":{},"s":{"0":8,"1":8,"2":8,"3":16,"4":16,"5":16,"6":16,"7":16,"8":16,"9":8},"f":{"0":16,"1":16},"b":{}}
,"C:\\Users\\Dell\\Documents\\Parcours universitaires\\M1 MIAGE\\PDL\\Monter en compétence API JavaScript\\Backend\\app\\routers\\experience\\experience.schema.ts": {"path":"C:\\Users\\Dell\\Documents\\Parcours universitaires\\M1 MIAGE\\PDL\\Monter en compétence API JavaScript\\Backend\\app\\routers\\experience\\experience.schema.ts","statementMap":{"0":{"start":{"line":1,"column":0},"end":{"line":1,"column":41}},"1":{"start":{"line":2,"column":0},"end":{"line":2,"column":53}},"2":{"start":{"line":3,"column":0},"end":{"line":3,"column":50}},"3":{"start":{"line":5,"column":13},"end":{"line":27,"column":2}},"4":{"start":{"line":29,"column":13},"end":{"line":63,"column":2}},"5":{"start":{"line":65,"column":13},"end":{"line":90,"column":2}},"6":{"start":{"line":92,"column":13},"end":{"line":127,"column":2}},"7":{"start":{"line":129,"column":13},"end":{"line":139,"column":2}}},"fnMap":{},"branchMap":{},"s":{"0":8,"1":8,"2":8,"3":8,"4":8,"5":8,"6":8,"7":8},"f":{},"b":{}}
,"C:\\Users\\Dell\\Documents\\Parcours universitaires\\M1 MIAGE\\PDL\\Monter en compétence API JavaScript\\Backend\\app\\routers\\interest\\interest.router.ts": {"path":"C:\\Users\\Dell\\Documents\\Parcours universitaires\\M1 MIAGE\\PDL\\Monter en compétence API JavaScript\\Backend\\app\\routers\\interest\\interest.router.ts","statementMap":{"0":{"start":{"line":2,"column":0},"end":{"line":2,"column":55}},"1":{"start":{"line":3,"column":0},"end":{"line":3,"column":73}},"2":{"start":{"line":5,"column":23},"end":{"line":11,"column":2}},"3":{"start":{"line":5,"column":58},"end":{"line":11,"column":2}},"4":{"start":{"line":8,"column":4},"end":{"line":8,"column":120}},"5":{"start":{"line":9,"column":4},"end":{"line":9,"column":119}},"6":{"start":{"line":13,"column":0},"end":{"line":13,"column":30}}},"fnMap":{"0":{"name":"(anonymous_16)","decl":{"start":{"line":5,"column":23},"end":{"line":5,"column":30}},"loc":{"start":{"line":5,"column":58},"end":{"line":11,"column":2}}},"1":{"name":"(anonymous_17)","decl":{"start":{"line":5,"column":58},"end":{"line":5,"column":null}},"loc":{"start":{"line":5,"column":58},"end":{"line":11,"column":1}}}},"branchMap":{},"s":{"0":8,"1":8,"2":8,"3":16,"4":16,"5":16,"6":8},"f":{"0":16,"1":16},"b":{}}
,"C:\\Users\\Dell\\Documents\\Parcours universitaires\\M1 MIAGE\\PDL\\Monter en compétence API JavaScript\\Backend\\app\\routers\\interest\\interest.schema.ts": {"path":"C:\\Users\\Dell\\Documents\\Parcours universitaires\\M1 MIAGE\\PDL\\Monter en compétence API JavaScript\\Backend\\app\\routers\\interest\\interest.schema.ts","statementMap":{"0":{"start":{"line":1,"column":0},"end":{"line":1,"column":41}},"1":{"start":{"line":2,"column":0},"end":{"line":2,"column":53}},"2":{"start":{"line":3,"column":0},"end":{"line":3,"column":50}},"3":{"start":{"line":5,"column":19},"end":{"line":7,"column":2}},"4":{"start":{"line":9,"column":13},"end":{"line":24,"column":2}},"5":{"start":{"line":26,"column":13},"end":{"line":41,"column":2}}},"fnMap":{},"branchMap":{},"s":{"0":8,"1":8,"2":8,"3":8,"4":8,"5":8},"f":{},"b":{}}
,"C:\\Users\\Dell\\Documents\\Parcours universitaires\\M1 MIAGE\\PDL\\Monter en compétence API JavaScript\\Backend\\app\\routers\\language\\language.router.ts": {"path":"C:\\Users\\Dell\\Documents\\Parcours universitaires\\M1 MIAGE\\PDL\\Monter en compétence API JavaScript\\Backend\\app\\routers\\language\\language.router.ts","statementMap":{"0":{"start":{"line":2,"column":0},"end":{"line":2,"column":55}},"1":{"start":{"line":3,"column":0},"end":{"line":3,"column":null}},"2":{"start":{"line":10,"column":23},"end":{"line":17,"column":2}},"3":{"start":{"line":10,"column":58},"end":{"line":17,"column":2}},"4":{"start":{"line":13,"column":4},"end":{"line":13,"column":112}},"5":{"start":{"line":14,"column":4},"end":{"line":14,"column":115}},"6":{"start":{"line":15,"column":4},"end":{"line":15,"column":125}},"7":{"start":{"line":16,"column":4},"end":{"line":16,"column":128}},"8":{"start":{"line":19,"column":0},"end":{"line":19,"column":30}}},"fnMap":{"0":{"name":"(anonymous_16)","decl":{"start":{"line":10,"column":23},"end":{"line":10,"column":30}},"loc":{"start":{"line":10,"column":58},"end":{"line":17,"column":2}}},"1":{"name":"(anonymous_17)","decl":{"start":{"line":10,"column":58},"end":{"line":10,"column":null}},"loc":{"start":{"line":10,"column":58},"end":{"line":17,"column":1}}}},"branchMap":{},"s":{"0":8,"1":8,"2":8,"3":16,"4":16,"5":16,"6":16,"7":16,"8":8},"f":{"0":16,"1":16},"b":{}}
,"C:\\Users\\Dell\\Documents\\Parcours universitaires\\M1 MIAGE\\PDL\\Monter en compétence API JavaScript\\Backend\\app\\routers\\language\\language.schema.ts": {"path":"C:\\Users\\Dell\\Documents\\Parcours universitaires\\M1 MIAGE\\PDL\\Monter en compétence API JavaScript\\Backend\\app\\routers\\language\\language.schema.ts","statementMap":{"0":{"start":{"line":1,"column":0},"end":{"line":1,"column":41}},"1":{"start":{"line":2,"column":0},"end":{"line":2,"column":53}},"2":{"start":{"line":3,"column":0},"end":{"line":3,"column":50}},"3":{"start":{"line":5,"column":13},"end":{"line":22,"column":2}},"4":{"start":{"line":24,"column":13},"end":{"line":47,"column":2}},"5":{"start":{"line":49,"column":13},"end":{"line":72,"column":2}},"6":{"start":{"line":74,"column":13},"end":{"line":83,"column":2}}},"fnMap":{},"branchMap":{},"s":{"0":8,"1":8,"2":8,"3":8,"4":8,"5":8,"6":8},"f":{},"b":{}}
,"C:\\Users\\Dell\\Documents\\Parcours universitaires\\M1 MIAGE\\PDL\\Monter en compétence API JavaScript\\Backend\\app\\routers\\profile\\profileInfo.router.ts": {"path":"C:\\Users\\Dell\\Documents\\Parcours universitaires\\M1 MIAGE\\PDL\\Monter en compétence API JavaScript\\Backend\\app\\routers\\profile\\profileInfo.router.ts","statementMap":{"0":{"start":{"line":2,"column":0},"end":{"line":2,"column":58}},"1":{"start":{"line":3,"column":0},"end":{"line":3,"column":85}},"2":{"start":{"line":5,"column":26},"end":{"line":10,"column":2}},"3":{"start":{"line":5,"column":61},"end":{"line":10,"column":2}},"4":{"start":{"line":8,"column":4},"end":{"line":8,"column":126}},"5":{"start":{"line":9,"column":4},"end":{"line":9,"column":131}},"6":{"start":{"line":12,"column":0},"end":{"line":12,"column":33}}},"fnMap":{"0":{"name":"(anonymous_16)","decl":{"start":{"line":5,"column":26},"end":{"line":5,"column":33}},"loc":{"start":{"line":5,"column":61},"end":{"line":10,"column":2}}},"1":{"name":"(anonymous_17)","decl":{"start":{"line":5,"column":61},"end":{"line":5,"column":null}},"loc":{"start":{"line":5,"column":61},"end":{"line":10,"column":1}}}},"branchMap":{},"s":{"0":8,"1":8,"2":8,"3":16,"4":16,"5":16,"6":8},"f":{"0":16,"1":16},"b":{}}
,"C:\\Users\\Dell\\Documents\\Parcours universitaires\\M1 MIAGE\\PDL\\Monter en compétence API JavaScript\\Backend\\app\\routers\\profile\\profileInfo.schema.ts": {"path":"C:\\Users\\Dell\\Documents\\Parcours universitaires\\M1 MIAGE\\PDL\\Monter en compétence API JavaScript\\Backend\\app\\routers\\profile\\profileInfo.schema.ts","statementMap":{"0":{"start":{"line":1,"column":0},"end":{"line":1,"column":41}},"1":{"start":{"line":2,"column":0},"end":{"line":2,"column":53}},"2":{"start":{"line":3,"column":0},"end":{"line":3,"column":50}},"3":{"start":{"line":5,"column":24},"end":{"line":18,"column":35}},"4":{"start":{"line":20,"column":13},"end":{"line":31,"column":2}},"5":{"start":{"line":33,"column":13},"end":{"line":44,"column":2}}},"fnMap":{},"branchMap":{},"s":{"0":8,"1":8,"2":8,"3":8,"4":8,"5":8},"f":{},"b":{}}
[...]
,"C:\\Users\\Dell\\Documents\\Parcours universitaires\\M1 MIAGE\\PDL\\Monter en compétence API JavaScript\\Backend\\app\\services\\profileInfoService.ts": {"path":"C:\\Users\\Dell\\Documents\\Parcours universitaires\\M1 MIAGE\\PDL\\Monter en compétence API JavaScript\\Backend\\app\\services\\profileInfoService.ts","statementMap":{"0":{"start":{"line":4,"column":0},"end":{"line":4,"column":22}},"1":{"start":{"line":34,"column":0},"end":{"line":34,"column":22}},"2":{"start":{"line":1,"column":0},"end":{"line":1,"column":37}},"3":{"start":{"line":2,"column":0},"end":{"line":2,"column":95}},"4":{"start":{"line":5,"column":4},"end":{"line":31,"column":5}},"5":{"start":{"line":6,"column":24},"end":{"line":23,"column":10}},"6":{"start":{"line":24,"column":8},"end":{"line":24,"column":23}},"7":{"start":{"line":26,"column":8},"end":{"line":26,"column":45}},"8":{"start":{"line":27,"column":8},"end":{"line":29,"column":9}},"9":{"start":{"line":28,"column":12},"end":{"line":28,"column":103}},"10":{"start":{"line":30,"column":8},"end":{"line":30,"column":87}},"11":{"start":{"line":35,"column":4},"end":{"line":61,"column":5}},"12":{"start":{"line":36,"column":24},"end":{"line":53,"column":10}},"13":{"start":{"line":54,"column":8},"end":{"line":54,"column":23}},"14":{"start":{"line":56,"column":8},"end":{"line":58,"column":9}},"15":{"start":{"line":57,"column":12},"end":{"line":57,"column":101}},"16":{"start":{"line":59,"column":8},"end":{"line":59,"column":48}},"17":{"start":{"line":60,"column":8},"end":{"line":60,"column":88}}},"fnMap":{"0":{"name":"addProfileInfo","decl":{"start":{"line":4,"column":22},"end":{"line":4,"column":36}},"loc":{"start":{"line":4,"column":59},"end":{"line":32,"column":null}}},"1":{"name":"updateProfileInfo","decl":{"start":{"line":34,"column":22},"end":{"line":34,"column":39}},"loc":{"start":{"line":34,"column":62},"end":{"line":62,"column":null}}}},"branchMap":{"0":{"loc":{"start":{"line":9,"column":27},"end":{"line":9,"column":48}},"type":"cond-expr","locations":[{"start":{"line":9,"column":40},"end":{"line":9,"column":44}},{"start":{"line":9,"column":44},"end":{"line":9,"column":48}}]},"1":{"loc":{"start":{"line":9,"column":27},"end":{"line":9,"column":44}},"type":"binary-expr","locations":[{"start":{"line":9,"column":27},"end":{"line":9,"column":44}},{"start":{"line":9,"column":40},"end":{"line":9,"column":44}}]},"2":{"loc":{"start":{"line":10,"column":26},"end":{"line":10,"column":46}},"type":"cond-expr","locations":[{"start":{"line":10,"column":38},"end":{"line":10,"column":42}},{"start":{"line":10,"column":42},"end":{"line":10,"column":46}}]},"3":{"loc":{"start":{"line":10,"column":26},"end":{"line":10,"column":42}},"type":"binary-expr","locations":[{"start":{"line":10,"column":26},"end":{"line":10,"column":42}},{"start":{"line":10,"column":38},"end":{"line":10,"column":42}}]},"4":{"loc":{"start":{"line":11,"column":26},"end":{"line":11,"column":46}},"type":"cond-expr","locations":[{"start":{"line":11,"column":38},"end":{"line":11,"column":42}},{"start":{"line":11,"column":42},"end":{"line":11,"column":46}}]},"5":{"loc":{"start":{"line":11,"column":26},"end":{"line":11,"column":42}},"type":"binary-expr","locations":[{"start":{"line":11,"column":26},"end":{"line":11,"column":42}},{"start":{"line":11,"column":38},"end":{"line":11,"column":42}}]},"6":{"loc":{"start":{"line":12,"column":37},"end":{"line":12,"column":68}},"type":"cond-expr","locations":[{"start":{"line":12,"column":60},"end":{"line":12,"column":64}},{"start":{"line":12,"column":64},"end":{"line":12,"column":68}}]},"7":{"loc":{"start":{"line":12,"column":37},"end":{"line":12,"column":64}},"type":"binary-expr","locations":[{"start":{"line":12,"column":37},"end":{"line":12,"column":64}},{"start":{"line":12,"column":60},"end":{"line":12,"column":64}}]},"8":{"loc":{"start":{"line":13,"column":23},"end":{"line":13,"column":40}},"type":"cond-expr","locations":[{"start":{"line":13,"column":32},"end":{"line":13,"column":36}},{"start":{"line":13,"column":36},"end":{"line":13,"column":40}}]},"9":{"loc":{"start":{"line":13,"column":23},"end":{"line":13,"column":36}},"type":"binary-expr","locations":[{"start":{"line":13,"column":23},"end":{"line":13,"column":36}},{"start":{"line":13,"column":32},"end":{"line":13,"column":36}}]},"10":{"loc":{"start":{"line":14,"column":23},"end":{"line":14,"column":40}},"type":"cond-expr","locations":[{"start":{"line":14,"column":32},"end":{"line":14,"column":36}},{"start":{"line":14,"column":36},"end":{"line":14,"column":40}}]},"11":{"loc":{"start":{"line":14,"column":23},"end":{"line":14,"column":36}},"type":"binary-expr","locations":[{"start":{"line":14,"column":23},"end":{"line":14,"column":36}},{"start":{"line":14,"column":32},"end":{"line":14,"column":36}}]},"12":{"loc":{"start":{"line":15,"column":24},"end":{"line":15,"column":42}},"type":"cond-expr","locations":[{"start":{"line":15,"column":34},"end":{"line":15,"column":38}},{"start":{"line":15,"column":38},"end":{"line":15,"column":42}}]},"13":{"loc":{"start":{"line":15,"column":24},"end":{"line":15,"column":38}},"type":"binary-expr","locations":[{"start":{"line":15,"column":24},"end":{"line":15,"column":38}},{"start":{"line":15,"column":34},"end":{"line":15,"column":38}}]},"14":{"loc":{"start":{"line":16,"column":22},"end":{"line":16,"column":38}},"type":"cond-expr","locations":[{"start":{"line":16,"column":30},"end":{"line":16,"column":34}},{"start":{"line":16,"column":34},"end":{"line":16,"column":38}}]},"15":{"loc":{"start":{"line":16,"column":22},"end":{"line":16,"column":34}},"type":"binary-expr","locations":[{"start":{"line":16,"column":22},"end":{"line":16,"column":34}},{"start":{"line":16,"column":30},"end":{"line":16,"column":34}}]},"16":{"loc":{"start":{"line":17,"column":28},"end":{"line":17,"column":50}},"type":"cond-expr","locations":[{"start":{"line":17,"column":42},"end":{"line":17,"column":46}},{"start":{"line":17,"column":46},"end":{"line":17,"column":50}}]},"17":{"loc":{"start":{"line":17,"column":28},"end":{"line":17,"column":46}},"type":"binary-expr","locations":[{"start":{"line":17,"column":28},"end":{"line":17,"column":46}},{"start":{"line":17,"column":42},"end":{"line":17,"column":46}}]},"18":{"loc":{"start":{"line":18,"column":24},"end":{"line":18,"column":42}},"type":"cond-expr","locations":[{"start":{"line":18,"column":34},"end":{"line":18,"column":38}},{"start":{"line":18,"column":38},"end":{"line":18,"column":42}}]},"19":{"loc":{"start":{"line":18,"column":24},"end":{"line":18,"column":38}},"type":"binary-expr","locations":[{"start":{"line":18,"column":24},"end":{"line":18,"column":38}},{"start":{"line":18,"column":34},"end":{"line":18,"column":38}}]},"20":{"loc":{"start":{"line":19,"column":25},"end":{"line":19,"column":44}},"type":"cond-expr","locations":[{"start":{"line":19,"column":36},"end":{"line":19,"column":40}},{"start":{"line":19,"column":40},"end":{"line":19,"column":44}}]},"21":{"loc":{"start":{"line":19,"column":25},"end":{"line":19,"column":40}},"type":"binary-expr","locations":[{"start":{"line":19,"column":25},"end":{"line":19,"column":40}},{"start":{"line":19,"column":36},"end":{"line":19,"column":40}}]},"22":{"loc":{"start":{"line":20,"column":28},"end":{"line":20,"column":50}},"type":"cond-expr","locations":[{"start":{"line":20,"column":42},"end":{"line":20,"column":46}},{"start":{"line":20,"column":46},"end":{"line":20,"column":50}}]},"23":{"loc":{"start":{"line":20,"column":28},"end":{"line":20,"column":46}},"type":"binary-expr","locations":[{"start":{"line":20,"column":28},"end":{"line":20,"column":46}},{"start":{"line":20,"column":42},"end":{"line":20,"column":46}}]},"24":{"loc":{"start":{"line":27,"column":8},"end":{"line":29,"column":9}},"type":"if","locations":[{"start":{"line":27,"column":8},"end":{"line":29,"column":9}}]},"25":{"loc":{"start":{"line":27,"column":12},"end":{"line":27,"column":19}},"type":"cond-expr","locations":[{"start":{"line":27,"column":13},"end":{"line":27,"column":15}},{"start":{"line":27,"column":12},"end":{"line":27,"column":19}}]},"26":{"loc":{"start":{"line":27,"column":12},"end":{"line":27,"column":15}},"type":"binary-expr","locations":[{"start":{"line":27,"column":12},"end":{"line":27,"column":15}},{"start":{"line":27,"column":12},"end":{"line":27,"column":15}}]},"27":{"loc":{"start":{"line":39,"column":20},"end":{"line":39,"column":83}},"type":"cond-expr","locations":[{"start":{"line":39,"column":50},"end":{"line":39,"column":78}},{"start":{"line":39,"column":81},"end":{"line":39,"column":83}}]},"28":{"loc":{"start":{"line":40,"column":20},"end":{"line":40,"column":80}},"type":"cond-expr","locations":[{"start":{"line":40,"column":49},"end":{"line":40,"column":75}},{"start":{"line":40,"column":78},"end":{"line":40,"column":80}}]},"29":{"loc":{"start":{"line":41,"column":20},"end":{"line":41,"column":80}},"type":"cond-expr","locations":[{"start":{"line":41,"column":49},"end":{"line":41,"column":75}},{"start":{"line":41,"column":78},"end":{"line":41,"column":80}}]},"30":{"loc":{"start":{"line":42,"column":20},"end":{"line":42,"column":113}},"type":"cond-expr","locations":[{"start":{"line":42,"column":60},"end":{"line":42,"column":108}},{"start":{"line":42,"column":111},"end":{"line":42,"column":113}}]},"31":{"loc":{"start":{"line":43,"column":20},"end":{"line":43,"column":71}},"type":"cond-expr","locations":[{"start":{"line":43,"column":46},"end":{"line":43,"column":66}},{"start":{"line":43,"column":69},"end":{"line":43,"column":71}}]},"32":{"loc":{"start":{"line":44,"column":20},"end":{"line":44,"column":71}},"type":"cond-expr","locations":[{"start":{"line":44,"column":46},"end":{"line":44,"column":66}},{"start":{"line":44,"column":69},"end":{"line":44,"column":71}}]},"33":{"loc":{"start":{"line":45,"column":20},"end":{"line":45,"column":74}},"type":"cond-expr","locations":[{"start":{"line":45,"column":47},"end":{"line":45,"column":69}},{"start":{"line":45,"column":72},"end":{"line":45,"column":74}}]},"34":{"loc":{"start":{"line":46,"column":20},"end":{"line":46,"column":68}},"type":"cond-expr","locations":[{"start":{"line":46,"column":45},"end":{"line":46,"column":63}},{"start":{"line":46,"column":66},"end":{"line":46,"column":68}}]},"35":{"loc":{"start":{"line":47,"column":20},"end":{"line":47,"column":86}},"type":"cond-expr","locations":[{"start":{"line":47,"column":51},"end":{"line":47,"column":81}},{"start":{"line":47,"column":84},"end":{"line":47,"column":86}}]},"36":{"loc":{"start":{"line":48,"column":20},"end":{"line":48,"column":74}},"type":"cond-expr","locations":[{"start":{"line":48,"column":47},"end":{"line":48,"column":69}},{"start":{"line":48,"column":72},"end":{"line":48,"column":74}}]},"37":{"loc":{"start":{"line":49,"column":20},"end":{"line":49,"column":77}},"type":"cond-expr","locations":[{"start":{"line":49,"column":48},"end":{"line":49,"column":72}},{"start":{"line":49,"column":75},"end":{"line":49,"column":77}}]},"38":{"loc":{"start":{"line":50,"column":20},"end":{"line":50,"column":86}},"type":"cond-expr","locations":[{"start":{"line":50,"column":51},"end":{"line":50,"column":81}},{"start":{"line":50,"column":84},"end":{"line":50,"column":86}}]},"39":{"loc":{"start":{"line":56,"column":8},"end":{"line":58,"column":9}},"type":"if","locations":[{"start":{"line":56,"column":8},"end":{"line":58,"column":9}}]},"40":{"loc":{"start":{"line":56,"column":12},"end":{"line":56,"column":19}},"type":"cond-expr","locations":[{"start":{"line":56,"column":13},"end":{"line":56,"column":15}},{"start":{"line":56,"column":12},"end":{"line":56,"column":19}}]},"41":{"loc":{"start":{"line":56,"column":12},"end":{"line":56,"column":15}},"type":"binary-expr","locations":[{"start":{"line":56,"column":12},"end":{"line":56,"column":15}},{"start":{"line":56,"column":12},"end":{"line":56,"column":15}}]}},"s":{"0":8,"1":8,"2":8,"3":8,"4":0,"5":0,"6":0,"7":0,"8":0,"9":0,"10":0,"11":0,"12":0,"13":0,"14":0,"15":0,"16":0,"17":0},"f":{"0":0,"1":0},"b":{"0":[0,0],"1":[0,0],"2":[0,0],"3":[0,0],"4":[0,0],"5":[0,0],"6":[0,0],"7":[0,0],"8":[0,0],"9":[0,0],"10":[0,0],"11":[0,0],"12":[0,0],"13":[0,0],"14":[0,0],"15":[0,0],"16":[0,0],"17":[0,0],"18":[0,0],"19":[0,0],"20":[0,0],"21":[0,0],"22":[0,0],"23":[0,0],"24":[0],"25":[0,0],"26":[0,0],"27":[0,0],"28":[0,0],"29":[0,0],"30":[0,0],"31":[0,0],"32":[0,0],"33":[0,0],"34":[0,0],"35":[0,0],"36":[0,0],"37":[0,0],"38":[0,0],"39":[0],"40":[0,0],"41":[0,0]}}
,"C:\\Users\\Dell\\Documents\\Parcours universitaires\\M1 MIAGE\\PDL\\Monter en compétence API JavaScript\\Backend\\app\\services\\skillService.ts": {"path":"C:\\Users\\Dell\\Documents\\Parcours universitaires\\M1 MIAGE\\PDL\\Monter en compétence API JavaScript\\Backend\\app\\services\\skillService.ts","statementMap":{"0":{"start":{"line":4,"column":0},"end":{"line":4,"column":22}},"1":{"start":{"line":19,"column":0},"end":{"line":19,"column":22}},"2":{"start":{"line":1,"column":0},"end":{"line":1,"column":37}},"3":{"start":{"line":2,"column":0},"end":{"line":2,"column":77}},"4":{"start":{"line":5,"column":4},"end":{"line":16,"column":5}},"5":{"start":{"line":7,"column":21},"end":{"line":8,"column":null}},"6":{"start":{"line":8,"column":12},"end":{"line":8,"column":null}},"7":{"start":{"line":10,"column":8},"end":{"line":10,"column":35}},"8":{"start":{"line":10,"column":26},"end":{"line":10,"column":35}},"9":{"start":{"line":11,"column":20},"end":{"line":11,"column":65}},"10":{"start":{"line":12,"column":8},"end":{"line":12,"column":25}},"11":{"start":{"line":14,"column":8},"end":{"line":14,"column":40}},"12":{"start":{"line":15,"column":8},"end":{"line":15,"column":70}},"13":{"start":{"line":20,"column":4},"end":{"line":35,"column":5}},"14":{"start":{"line":22,"column":22},"end":{"line":22,"column":84}},"15":{"start":{"line":23,"column":8},"end":{"line":27,"column":9}},"16":{"start":{"line":24,"column":29},"end":{"line":24,"column":57}},"17":{"start":{"line":25,"column":12},"end":{"line":25,"column":33}},"18":{"start":{"line":26,"column":12},"end":{"line":26,"column":22}},"19":{"start":{"line":28,"column":8},"end":{"line":28,"column":62}},"20":{"start":{"line":30,"column":8},"end":{"line":32,"column":9}},"21":{"start":{"line":31,"column":12},"end":{"line":31,"column":90}},"22":{"start":{"line":33,"column":8},"end":{"line":33,"column":42}},"23":{"start":{"line":34,"column":8},"end":{"line":34,"column":72}}},"fnMap":{"0":{"name":"addSkills","decl":{"start":{"line":4,"column":22},"end":{"line":4,"column":31}},"loc":{"start":{"line":4,"column":63},"end":{"line":17,"column":null}}},"1":{"name":"(anonymous_10)","decl":{"start":{"line":7,"column":31},"end":{"line":7,"column":32}},"loc":{"start":{"line":7,"column":43},"end":{"line":8,"column":null}}},"2":{"name":"deleteSkill","decl":{"start":{"line":19,"column":22},"end":{"line":19,"column":33}},"loc":{"start":{"line":19,"column":63},"end":{"line":36,"column":null}}}},"branchMap":{"0":{"loc":{"start":{"line":8,"column":12},"end":{"line":8,"column":127}},"type":"cond-expr","locations":[{"start":{"line":8,"column":37},"end":{"line":8,"column":60}},{"start":{"line":8,"column":63},"end":{"line":8,"column":127}}]},"1":{"loc":{"start":{"line":8,"column":106},"end":{"line":8,"column":125}},"type":"cond-expr","locations":[{"start":{"line":8,"column":117},"end":{"line":8,"column":121}},{"start":{"line":8,"column":121},"end":{"line":8,"column":125}}]},"2":{"loc":{"start":{"line":8,"column":106},"end":{"line":8,"column":121}},"type":"binary-expr","locations":[{"start":{"line":8,"column":106},"end":{"line":8,"column":121}},{"start":{"line":8,"column":117},"end":{"line":8,"column":121}}]},"3":{"loc":{"start":{"line":10,"column":8},"end":{"line":10,"column":35}},"type":"if","locations":[{"start":{"line":10,"column":8},"end":{"line":10,"column":35}}]},"4":{"loc":{"start":{"line":23,"column":8},"end":{"line":27,"column":9}},"type":"if","locations":[{"start":{"line":23,"column":8},"end":{"line":27,"column":9}}]},"5":{"loc":{"start":{"line":30,"column":8},"end":{"line":32,"column":9}},"type":"if","locations":[{"start":{"line":30,"column":8},"end":{"line":32,"column":9}}]},"6":{"loc":{"start":{"line":30,"column":12},"end":{"line":30,"column":19}},"type":"cond-expr","locations":[{"start":{"line":30,"column":13},"end":{"line":30,"column":15}},{"start":{"line":30,"column":12},"end":{"line":30,"column":19}}]},"7":{"loc":{"start":{"line":30,"column":12},"end":{"line":30,"column":15}},"type":"binary-expr","locations":[{"start":{"line":30,"column":12},"end":{"line":30,"column":15}},{"start":{"line":30,"column":12},"end":{"line":30,"column":15}}]}},"s":{"0":8,"1":8,"2":8,"3":8,"4":0,"5":0,"6":0,"7":0,"8":0,"9":0,"10":0,"11":0,"12":0,"13":0,"14":0,"15":0,"16":0,"17":0,"18":0,"19":0,"20":0,"21":0,"22":0,"23":0},"f":{"0":0,"1":0,"2":0},"b":{"0":[0,0],"1":[0,0],"2":[0,0],"3":[0],"4":[0],"5":[0],"6":[0,0],"7":[0,0]}}
,"C:\\Users\\Dell\\Documents\\Parcours universitaires\\M1 MIAGE\\PDL\\Monter en compétence API JavaScript\\Backend\\app\\utils\\logger\\logger.ts": {"path":"C:\\Users\\Dell\\Documents\\Parcours universitaires\\M1 MIAGE\\PDL\\Monter en compétence API JavaScript\\Backend\\app\\utils\\logger\\logger.ts","statementMap":{"0":{"start":{"line":1,"column":0},"end":{"line":1,"column":24}},"1":{"start":{"line":2,"column":0},"end":{"line":2,"column":57}},"2":{"start":{"line":4,"column":18},"end":{"line":14,"column":null}},"3":{"start":{"line":10,"column":8},"end":{"line":10,"column":32}},"4":{"start":{"line":19,"column":0},"end":{"line":19,"column":25}}},"fnMap":{"0":{"name":"(anonymous_1)","decl":{"start":{"line":9,"column":6},"end":{"line":9,"column":11}},"loc":{"start":{"line":9,"column":17},"end":{"line":11,"column":7}}}},"branchMap":{"0":{"loc":{"start":{"line":6,"column":11},"end":{"line":6,"column":43}},"type":"binary-expr","locations":[{"start":{"line":6,"column":11},"end":{"line":6,"column":32}},{"start":{"line":6,"column":36},"end":{"line":6,"column":43}}]}},"s":{"0":8,"1":8,"2":8,"3":48,"4":8},"f":{"0":48},"b":{"0":[8,8]}}
,"C:\\Users\\Dell\\Documents\\Parcours universitaires\\M1 MIAGE\\PDL\\Monter en compétence API JavaScript\\Backend\\app\\utils\\logger\\streams.ts": {"path":"C:\\Users\\Dell\\Documents\\Parcours universitaires\\M1 MIAGE\\PDL\\Monter en compétence API JavaScript\\Backend\\app\\utils\\logger\\streams.ts","statementMap":{"0":{"start":{"line":1,"column":0},"end":{"line":1,"column":24}},"1":{"start":{"line":2,"column":0},"end":{"line":2,"column":20}},"2":{"start":{"line":3,"column":0},"end":{"line":3,"column":24}},"3":{"start":{"line":5,"column":16},"end":{"line":5,"column":54}},"4":{"start":{"line":6,"column":0},"end":{"line":8,"column":1}},"5":{"start":{"line":7,"column":2},"end":{"line":7,"column":24}},"6":{"start":{"line":10,"column":16},"end":{"line":10,"column":50}},"7":{"start":{"line":13,"column":23},"end":{"line":13,"column":70}},"8":{"start":{"line":15,"column":27},"end":{"line":15,"column":38}}},"fnMap":{},"branchMap":{"0":{"loc":{"start":{"line":6,"column":0},"end":{"line":8,"column":1}},"type":"if","locations":[{"start":{"line":6,"column":0},"end":{"line":8,"column":1}}]}},"s":{"0":8,"1":8,"2":8,"3":8,"4":8,"5":0,"6":8,"7":8,"8":8},"f":{},"b":{"0":[0]}}
}
