TN:
SF:app\errors\BaseError.ts
FN:13,(anonymous_0)
FN:37,(anonymous_1)
FN:52,(anonymous_2)
FNF:3
FNH:3
FNDA:8,(anonymous_0)
FNDA:1,(anonymous_1)
FNDA:24,(anonymous_2)
DA:3,8
DA:22,8
DA:23,8
DA:24,8
DA:25,8
DA:26,8
DA:27,8
DA:28,8
DA:29,8
DA:30,8
DA:32,8
DA:33,8
DA:38,1
DA:53,24
LF:14
LH:14
BRDA:15,0,0,0
BRDA:16,1,0,0
BRDA:20,2,0,8
BRF:3
BRH:1
end_of_record
TN:
SF:app\errors\auth\InvalidCredentialsError.ts
FN:4,(anonymous_0)
FNF:1
FNH:1
FNDA:1,(anonymous_0)
DA:1,8
DA:3,8
DA:5,1
LF:3
LH:3
BRF:0
BRH:0
end_of_record
TN:
SF:app\errors\auth\TokenGenerationError.ts
FN:5,(anonymous_0)
FNF:1
FNH:0
FNDA:0,(anonymous_0)
DA:1,8
DA:4,8
DA:6,0
LF:3
LH:2
BRF:0
BRH:0
end_of_record
TN:
SF:app\errors\auth\TokenVerificationError.ts
FN:4,(anonymous_0)
FNF:1
FNH:1
FNDA:6,(anonymous_0)
DA:1,8
DA:3,8
DA:5,6
LF:3
LH:3
BRF:0
BRH:0
end_of_record
TN:
SF:app\errors\auth\UserNotFoundError.ts
FN:5,(anonymous_0)
FNF:1
FNH:1
FNDA:1,(anonymous_0)
DA:1,8
DA:4,8
DA:6,1
LF:3
LH:3
BRF:0
BRH:0
end_of_record
TN:
SF:app\errors\crud\CrudErrors.ts
FN:7,(anonymous_0)
FN:22,(anonymous_1)
FN:37,(anonymous_2)
FN:51,(anonymous_3)
FN:65,(anonymous_4)
FNF:5
FNH:0
FNDA:0,(anonymous_0)
FNDA:0,(anonymous_1)
FNDA:0,(anonymous_2)
FNDA:0,(anonymous_3)
FNDA:0,(anonymous_4)
DA:1,8
DA:6,8
DA:8,0
DA:9,0
DA:21,8
DA:23,0
DA:24,0
DA:36,8
DA:38,0
DA:50,8
DA:52,0
DA:64,8
DA:66,0
DA:78,8
LF:14
LH:7
BRDA:8,0,0,0
BRDA:8,0,1,0
BRDA:10,1,0,0
BRDA:10,1,1,0
BRDA:23,2,0,0
BRDA:23,2,1,0
BRDA:25,3,0,0
BRDA:25,3,1,0
BRF:8
BRH:0
end_of_record
TN:
SF:app\handlers\authHandler.ts
FN:16,(anonymous_7)
FN:19,(anonymous_8)
FN:28,(anonymous_9)
FN:31,(anonymous_10)
FNF:4
FNH:4
FNDA:3,(anonymous_7)
FNDA:3,(anonymous_8)
FNDA:2,(anonymous_9)
FNDA:2,(anonymous_10)
DA:2,8
DA:3,8
DA:16,8
DA:19,3
DA:20,3
DA:21,3
DA:22,1
DA:28,8
DA:31,2
DA:32,2
DA:35,2
DA:38,2
DA:40,1
LF:13
LH:13
BRF:0
BRH:0
end_of_record
TN:
SF:app\handlers\certificationHandler.ts
FN:7,addCertification
FN:17,updateCertification
FN:27,deleteCertification
FNF:3
FNH:0
FNDA:0,addCertification
FNDA:0,updateCertification
FNDA:0,deleteCertification
DA:2,8
DA:7,8
DA:8,0
DA:9,0
DA:10,0
DA:12,0
DA:13,0
DA:17,8
DA:18,0
DA:19,0
DA:20,0
DA:22,0
DA:23,0
DA:27,8
DA:28,0
DA:29,0
DA:30,0
DA:32,0
DA:33,0
LF:19
LH:4
BRDA:13,0,0,0
BRDA:13,0,1,0
BRDA:13,1,0,0
BRDA:13,1,1,0
BRDA:23,2,0,0
BRDA:23,2,1,0
BRDA:23,3,0,0
BRDA:23,3,1,0
BRDA:33,4,0,0
BRDA:33,4,1,0
BRDA:33,5,0,0
BRDA:33,5,1,0
BRF:12
BRH:0
end_of_record
TN:
SF:app\handlers\cvHandler.ts
FN:15,listMyCvs
FN:37,createCv
FN:55,getCvById
FN:73,deleteCv
FNF:4
FNH:0
FNDA:0,listMyCvs
FNDA:0,createCv
FNDA:0,getCvById
FNDA:0,deleteCv
DA:2,8
DA:3,8
DA:15,8
DA:19,0
DA:20,0
DA:21,0
DA:22,0
DA:23,0
DA:25,0
DA:27,0
DA:29,0
DA:30,0
DA:37,8
DA:41,0
DA:42,0
DA:43,0
DA:44,0
DA:45,0
DA:47,0
DA:48,0
DA:50,0
DA:51,0
DA:55,8
DA:59,0
DA:60,0
DA:61,0
DA:62,0
DA:63,0
DA:65,0
DA:66,0
DA:68,0
DA:69,0
DA:73,8
DA:77,0
DA:78,0
DA:79,0
DA:80,0
DA:81,0
DA:83,0
DA:84,0
DA:86,0
DA:87,0
LF:42
LH:6
BRDA:20,0,0,0
BRDA:20,0,1,0
BRDA:20,1,0,0
BRDA:20,1,1,0
BRDA:21,2,0,0
BRDA:21,3,0,0
BRDA:21,4,0,0
BRDA:21,4,1,0
BRDA:25,5,0,0
BRDA:32,6,0,0
BRDA:32,6,1,0
BRDA:32,7,0,0
BRDA:32,7,1,0
BRDA:32,8,0,0
BRDA:32,8,1,0
BRDA:42,9,0,0
BRDA:42,9,1,0
BRDA:42,10,0,0
BRDA:42,10,1,0
BRDA:43,11,0,0
BRDA:43,11,1,0
BRDA:47,12,0,0
BRDA:51,13,0,0
BRDA:51,13,1,0
BRDA:51,14,0,0
BRDA:51,14,1,0
BRDA:51,15,0,0
BRDA:51,15,1,0
BRDA:60,16,0,0
BRDA:60,16,1,0
BRDA:60,17,0,0
BRDA:60,17,1,0
BRDA:65,18,0,0
BRDA:69,19,0,0
BRDA:69,19,1,0
BRDA:69,20,0,0
BRDA:69,20,1,0
BRDA:69,21,0,0
BRDA:69,21,1,0
BRDA:78,22,0,0
BRDA:78,22,1,0
BRDA:78,23,0,0
BRDA:78,23,1,0
BRDA:83,24,0,0
BRDA:87,25,0,0
BRDA:87,25,1,0
BRDA:87,26,0,0
BRDA:87,26,1,0
BRDA:87,27,0,0
BRDA:87,27,1,0
BRF:50
BRH:0
end_of_record
TN:
SF:app\handlers\educationHandler.ts
FN:7,addEducation
FN:18,updateEducation
FN:28,deleteEducation
FNF:3
FNH:0
FNDA:0,addEducation
FNDA:0,updateEducation
FNDA:0,deleteEducation
DA:2,8
DA:7,8
DA:8,0
DA:10,0
DA:11,0
DA:13,0
DA:14,0
DA:18,8
DA:19,0
DA:20,0
DA:21,0
DA:23,0
DA:24,0
DA:28,8
DA:29,0
DA:31,0
DA:32,0
DA:34,0
DA:35,0
LF:19
LH:4
BRDA:14,0,0,0
BRDA:14,0,1,0
BRDA:14,1,0,0
BRDA:14,1,1,0
BRDA:24,2,0,0
BRDA:24,2,1,0
BRDA:24,3,0,0
BRDA:24,3,1,0
BRDA:35,4,0,0
BRDA:35,4,1,0
BRDA:35,5,0,0
BRDA:35,5,1,0
BRF:12
BRH:0
end_of_record
TN:
SF:app\handlers\experienceHandler.ts
FN:27,listExperiences
FN:44,createExperience
FN:62,getExperienceById
FN:79,updateExperience
FN:97,deleteExperience
FNF:5
FNH:0
FNDA:0,listExperiences
FNDA:0,createExperience
FNDA:0,getExperienceById
FNDA:0,updateExperience
FNDA:0,deleteExperience
DA:2,8
DA:27,8
DA:31,0
DA:32,0
DA:33,0
DA:34,0
DA:36,0
DA:37,0
DA:44,8
DA:48,0
DA:49,0
DA:50,0
DA:51,0
DA:52,0
DA:54,0
DA:55,0
DA:62,8
DA:66,0
DA:67,0
DA:68,0
DA:69,0
DA:71,0
DA:72,0
DA:79,8
DA:83,0
DA:84,0
DA:85,0
DA:86,0
DA:87,0
DA:89,0
DA:90,0
DA:97,8
DA:101,0
DA:103,0
DA:104,0
DA:105,0
DA:107,0
DA:108,0
LF:38
LH:6
BRDA:37,0,0,0
BRDA:37,0,1,0
BRDA:39,1,0,0
BRDA:39,1,1,0
BRDA:55,2,0,0
BRDA:55,2,1,0
BRDA:57,3,0,0
BRDA:57,3,1,0
BRDA:72,4,0,0
BRDA:72,4,1,0
BRDA:74,5,0,0
BRDA:74,5,1,0
BRDA:90,6,0,0
BRDA:90,6,1,0
BRDA:92,7,0,0
BRDA:92,7,1,0
BRDA:108,8,0,0
BRDA:108,8,1,0
BRDA:110,9,0,0
BRDA:110,9,1,0
BRF:20
BRH:0
end_of_record
TN:
SF:app\handlers\interestHandler.ts
FN:6,addInterests
FN:16,putInterests
FNF:2
FNH:0
FNDA:0,addInterests
FNDA:0,putInterests
DA:2,8
DA:6,8
DA:7,0
DA:8,0
DA:9,0
DA:11,0
DA:12,0
DA:16,8
DA:17,0
DA:18,0
DA:19,0
DA:21,0
DA:22,0
LF:13
LH:3
BRDA:12,0,0,0
BRDA:12,0,1,0
BRDA:12,1,0,0
BRDA:12,1,1,0
BRDA:22,2,0,0
BRDA:22,2,1,0
BRDA:22,3,0,0
BRDA:22,3,1,0
BRF:8
BRH:0
end_of_record
TN:
SF:app\handlers\languageHandler.ts
FN:17,listLanguages
FN:34,createLanguage
FN:52,updateLanguage
FN:72,deleteLanguage
FNF:4
FNH:0
FNDA:0,listLanguages
FNDA:0,createLanguage
FNDA:0,updateLanguage
FNDA:0,deleteLanguage
DA:2,8
DA:17,8
DA:21,0
DA:22,0
DA:23,0
DA:24,0
DA:26,0
DA:27,0
DA:34,8
DA:38,0
DA:39,0
DA:40,0
DA:41,0
DA:42,0
DA:44,0
DA:45,0
DA:52,8
DA:56,0
DA:58,0
DA:59,0
DA:60,0
DA:62,0
DA:64,0
DA:65,0
DA:72,8
DA:76,0
DA:77,0
DA:78,0
DA:79,0
DA:81,0
DA:82,0
LF:31
LH:5
BRDA:27,0,0,0
BRDA:27,0,1,0
BRDA:29,1,0,0
BRDA:29,1,1,0
BRDA:45,2,0,0
BRDA:45,2,1,0
BRDA:47,3,0,0
BRDA:47,3,1,0
BRDA:65,4,0,0
BRDA:65,4,1,0
BRDA:67,5,0,0
BRDA:67,5,1,0
BRDA:82,6,0,0
BRDA:82,6,1,0
BRDA:84,7,0,0
BRDA:84,7,1,0
BRF:16
BRH:0
end_of_record
TN:
SF:app\handlers\profileInfoHandler.ts
FN:6,addProfileInfo
FN:21,updateProfileInfo
FNF:2
FNH:0
FNDA:0,addProfileInfo
FNDA:0,updateProfileInfo
DA:2,8
DA:6,8
DA:7,0
DA:8,0
DA:9,0
DA:10,0
DA:11,0
DA:13,0
DA:14,0
DA:21,8
DA:22,0
DA:23,0
DA:24,0
DA:25,0
DA:26,0
DA:28,0
DA:29,0
LF:17
LH:3
BRDA:14,0,0,0
BRDA:14,0,1,0
BRDA:16,1,0,0
BRDA:16,1,1,0
BRDA:29,2,0,0
BRDA:29,2,1,0
BRDA:31,3,0,0
BRDA:31,3,1,0
BRF:8
BRH:0
end_of_record
TN:
SF:app\handlers\skillHandler.ts
FN:7,addSkills
FN:17,deleteSkill
FNF:2
FNH:0
FNDA:0,addSkills
FNDA:0,deleteSkill
DA:2,8
DA:7,8
DA:8,0
DA:9,0
DA:10,0
DA:12,0
DA:13,0
DA:17,8
DA:18,0
DA:19,0
DA:20,0
DA:22,0
DA:23,0
LF:13
LH:3
BRDA:13,0,0,0
BRDA:13,0,1,0
BRDA:13,1,0,0
BRDA:13,1,1,0
BRDA:23,2,0,0
BRDA:23,2,1,0
BRDA:23,3,0,0
BRDA:23,3,1,0
BRF:8
BRH:0
end_of_record
TN:
SF:app\middlewares\authMiddleware.ts
FN:4,requireAuth
FN:32,(anonymous_18)
FN:32,(anonymous_19)
FNF:3
FNH:1
FNDA:3,requireAuth
FNDA:0,(anonymous_18)
FNDA:0,(anonymous_19)
DA:2,8
DA:4,8
DA:5,3
DA:6,3
DA:7,0
DA:11,3
DA:13,3
DA:14,3
DA:15,0
DA:16,0
DA:21,0
DA:22,0
DA:23,0
DA:25,0
DA:28,3
DA:32,8
DA:33,0
DA:36,8
LF:18
LH:10
BRDA:5,0,0,3
BRDA:5,0,1,0
BRDA:6,1,0,0
BRDA:11,2,0,3
BRDA:11,2,1,0
BRDA:11,3,0,3
BRDA:11,3,1,0
BRDA:15,4,0,0
BRDA:22,5,0,0
BRDA:22,6,0,0
BRDA:22,6,1,0
BRF:11
BRH:3
end_of_record
TN:
SF:app\middlewares\cvOwnershipMiddleware.ts
FN:10,requireCvOwnership
FNF:1
FNH:0
FNDA:0,requireCvOwnership
DA:2,8
DA:3,8
DA:10,8
DA:11,0
DA:12,0
DA:13,0
DA:15,0
DA:16,0
DA:17,0
DA:18,0
DA:21,0
DA:22,0
DA:23,0
DA:24,0
DA:27,0
DA:28,0
DA:29,0
DA:30,0
DA:34,0
DA:37,0
DA:38,0
DA:42,8
LF:22
LH:4
BRDA:12,0,0,0
BRDA:12,0,1,0
BRDA:13,1,0,0
BRDA:16,2,0,0
BRDA:21,3,0,0
BRDA:21,3,1,0
BRDA:21,4,0,0
BRDA:21,4,1,0
BRDA:22,5,0,0
BRDA:28,6,0,0
BRF:10
BRH:0
end_of_record
TN:
SF:app\routers\baseHeaders.ts
FNF:0
FNH:0
DA:1,8
DA:3,8
LF:2
LH:2
BRF:0
BRH:0
end_of_record
TN:
SF:app\routers\baseSchema.ts
FNF:0
FNH:0
DA:1,8
DA:3,8
LF:2
LH:2
BRF:0
BRH:0
end_of_record
TN:
SF:app\routers\auth\auth.router.ts
FN:7,(anonymous_7)
FN:7,(anonymous_8)
FNF:2
FNH:2
FNDA:8,(anonymous_7)
FNDA:8,(anonymous_8)
DA:2,8
DA:3,8
DA:7,8
DA:9,8
DA:12,8
DA:15,8
LF:6
LH:6
BRF:0
BRH:0
end_of_record
TN:
SF:app\routers\auth\auth.schema.ts
FNF:0
FNH:0
DA:1,8
DA:2,8
DA:6,8
DA:8,8
DA:28,8
LF:5
LH:5
BRF:0
BRH:0
end_of_record
TN:
SF:app\routers\certification\certification.router.ts
FN:5,(anonymous_16)
FN:5,(anonymous_17)
FNF:2
FNH:2
FNDA:16,(anonymous_16)
FNDA:16,(anonymous_17)
DA:2,8
DA:3,8
DA:5,16
DA:8,16
DA:9,16
DA:10,16
DA:14,8
LF:7
LH:7
BRF:0
BRH:0
end_of_record
TN:
SF:app\routers\certification\certification.schema.ts
FN:9,(anonymous_0)
FNF:1
FNH:1
FNDA:16,(anonymous_0)
DA:1,8
DA:2,8
DA:3,8
DA:5,8
DA:9,8
DA:10,16
DA:16,8
DA:33,8
DA:50,8
LF:9
LH:9
BRF:0
BRH:0
end_of_record
TN:
SF:app\routers\cv\cv.router.ts
FN:15,(anonymous_17)
FN:15,(anonymous_18)
FN:16,(anonymous_19)
FN:16,(anonymous_20)
FN:20,(anonymous_21)
FN:20,(anonymous_22)
FNF:6
FNH:4
FNDA:8,(anonymous_17)
FNDA:8,(anonymous_18)
FNDA:8,(anonymous_19)
FNDA:8,(anonymous_20)
FNDA:0,(anonymous_21)
FNDA:0,(anonymous_22)
DA:2,8
DA:3,8
DA:4,8
DA:5,8
DA:6,8
DA:7,8
DA:8,8
DA:9,8
DA:10,8
DA:11,8
DA:12,8
DA:15,8
DA:16,8
DA:18,8
DA:20,8
DA:21,0
DA:22,0
DA:23,0
DA:25,0
DA:28,8
DA:29,8
DA:30,8
DA:31,8
DA:33,8
DA:34,8
DA:35,8
DA:36,8
DA:37,8
DA:38,8
DA:39,8
DA:43,8
LF:31
LH:27
BRDA:21,0,0,0
BRDA:21,0,1,0
BRDA:22,1,0,0
BRF:3
BRH:0
end_of_record
TN:
SF:app\routers\cv\cv.schema.ts
FNF:0
FNH:0
DA:1,8
DA:2,8
DA:3,8
DA:5,8
DA:32,8
DA:51,8
DA:127,8
LF:7
LH:7
BRF:0
BRH:0
end_of_record
TN:
SF:app\routers\education\education.router.ts
FN:5,(anonymous_16)
FN:5,(anonymous_17)
FNF:2
FNH:2
FNDA:16,(anonymous_16)
FNDA:16,(anonymous_17)
DA:2,8
DA:3,8
DA:5,16
DA:8,16
DA:9,16
DA:10,16
DA:13,8
LF:7
LH:7
BRF:0
BRH:0
end_of_record
TN:
SF:app\routers\education\education.schema.ts
FN:9,(anonymous_0)
FNF:1
FNH:1
FNDA:16,(anonymous_0)
DA:1,8
DA:2,8
DA:3,8
DA:5,8
DA:9,8
DA:10,16
DA:15,8
DA:33,8
DA:51,8
LF:9
LH:9
BRF:0
BRH:0
end_of_record
TN:
SF:app\routers\experience\experience.route.ts
FN:11,(anonymous_16)
FN:11,(anonymous_17)
FNF:2
FNH:2
FNDA:16,(anonymous_16)
FNDA:16,(anonymous_17)
DA:2,8
DA:3,8
DA:11,16
DA:14,16
DA:15,16
DA:16,16
DA:17,16
DA:18,16
DA:21,8
LF:9
LH:9
BRF:0
BRH:0
end_of_record
TN:
SF:app\routers\experience\experience.schema.ts
FNF:0
FNH:0
DA:1,8
DA:2,8
DA:3,8
DA:5,8
DA:29,8
DA:65,8
DA:92,8
DA:129,8
LF:8
LH:8
BRF:0
BRH:0
end_of_record
TN:
SF:app\routers\interest\interest.router.ts
FN:5,(anonymous_16)
FN:5,(anonymous_17)
FNF:2
FNH:2
FNDA:16,(anonymous_16)
FNDA:16,(anonymous_17)
DA:2,8
DA:3,8
DA:5,16
DA:8,16
DA:9,16
DA:13,8
LF:6
LH:6
BRF:0
BRH:0
end_of_record
TN:
SF:app\routers\interest\interest.schema.ts
FNF:0
FNH:0
DA:1,8
DA:2,8
DA:3,8
DA:5,8
DA:9,8
DA:26,8
LF:6
LH:6
BRF:0
BRH:0
end_of_record
TN:
SF:app\routers\language\language.router.ts
FN:10,(anonymous_16)
FN:10,(anonymous_17)
FNF:2
FNH:2
FNDA:16,(anonymous_16)
FNDA:16,(anonymous_17)
DA:2,8
DA:3,8
DA:10,16
DA:13,16
DA:14,16
DA:15,16
DA:16,16
DA:19,8
LF:8
LH:8
BRF:0
BRH:0
end_of_record
TN:
SF:app\routers\language\language.schema.ts
FNF:0
FNH:0
DA:1,8
DA:2,8
DA:3,8
DA:5,8
DA:24,8
DA:49,8
DA:74,8
LF:7
LH:7
BRF:0
BRH:0
end_of_record
TN:
SF:app\routers\profile\profileInfo.router.ts
FN:5,(anonymous_16)
FN:5,(anonymous_17)
FNF:2
FNH:2
FNDA:16,(anonymous_16)
FNDA:16,(anonymous_17)
DA:2,8
DA:3,8
DA:5,16
DA:8,16
DA:9,16
DA:12,8
LF:6
LH:6
BRF:0
BRH:0
end_of_record
TN:
SF:app\routers\profile\profileInfo.schema.ts
FNF:0
FNH:0
DA:1,8
DA:2,8
DA:3,8
DA:5,8
DA:20,8
DA:33,8
LF:6
LH:6
BRF:0
BRH:0
end_of_record
TN:
SF:app\routers\skill\skill.router.ts
FN:5,(anonymous_16)
FN:5,(anonymous_17)
FNF:2
FNH:2
FNDA:16,(anonymous_16)
FNDA:16,(anonymous_17)
DA:2,8
DA:3,8
DA:5,16
DA:8,16
DA:9,16
DA:12,8
LF:6
LH:6
BRF:0
BRH:0
end_of_record
TN:
SF:app\routers\skill\skill.schema.ts
FN:9,(anonymous_0)
FNF:1
FNH:1
FNDA:8,(anonymous_0)
DA:1,8
DA:2,8
DA:3,8
DA:5,8
DA:9,8
DA:10,8
DA:15,8
DA:37,8
LF:8
LH:8
BRF:0
BRH:0
end_of_record
TN:
SF:app\services\authService.ts
FN:13,(anonymous_8)
FN:39,(anonymous_10)
FN:52,(anonymous_12)
FNF:3
FNH:3
FNDA:3,(anonymous_8)
FNDA:3,(anonymous_10)
FNDA:2,(anonymous_12)
DA:1,8
DA:2,8
DA:3,8
DA:4,8
DA:5,8
DA:6,8
DA:7,8
DA:8,8
DA:12,8
DA:14,3
DA:16,3
DA:20,3
DA:21,1
DA:24,2
DA:25,2
DA:26,1
DA:29,1
DA:30,1
DA:31,1
DA:33,1
DA:35,0
DA:40,3
DA:41,3
DA:42,0
DA:43,0
DA:45,0
DA:46,0
DA:48,3
DA:53,2
DA:55,2
DA:63,2
LF:31
LH:26
BRDA:20,0,0,1
BRDA:25,1,0,1
BRDA:42,2,0,0
BRF:3
BRH:2
end_of_record
TN:
SF:app\services\certificationService.ts
FN:4,addCertification
FN:25,updateCertification
FN:57,deleteCertification
FNF:3
FNH:0
FNDA:0,addCertification
FNDA:0,updateCertification
FNDA:0,deleteCertification
DA:1,8
DA:2,8
DA:4,8
DA:5,0
DA:6,0
DA:18,0
DA:20,0
DA:21,0
DA:25,8
DA:26,0
DA:28,0
DA:29,0
DA:30,0
DA:31,0
DA:32,0
DA:35,0
DA:47,0
DA:49,0
DA:50,0
DA:52,0
DA:53,0
DA:57,8
DA:58,0
DA:59,0
DA:60,0
DA:61,0
DA:62,0
DA:63,0
DA:65,0
DA:67,0
DA:68,0
DA:70,0
DA:71,0
LF:33
LH:5
BRDA:10,0,0,0
BRDA:10,0,1,0
BRDA:10,1,0,0
BRDA:10,1,1,0
BRDA:11,2,0,0
BRDA:11,2,1,0
BRDA:12,3,0,0
BRDA:12,3,1,0
BRDA:13,4,0,0
BRDA:13,4,1,0
BRDA:13,5,0,0
BRDA:13,5,1,0
BRDA:14,6,0,0
BRDA:14,6,1,0
BRDA:14,7,0,0
BRDA:14,7,1,0
BRDA:29,8,0,0
BRDA:38,9,0,0
BRDA:38,9,1,0
BRDA:39,10,0,0
BRDA:39,10,1,0
BRDA:40,11,0,0
BRDA:40,11,1,0
BRDA:40,12,0,0
BRDA:40,12,1,0
BRDA:41,13,0,0
BRDA:41,13,1,0
BRDA:41,14,0,0
BRDA:41,14,1,0
BRDA:42,15,0,0
BRDA:42,15,1,0
BRDA:43,16,0,0
BRDA:43,16,1,0
BRDA:49,17,0,0
BRDA:49,18,0,0
BRDA:49,18,1,0
BRDA:49,19,0,0
BRDA:49,19,1,0
BRDA:60,20,0,0
BRDA:67,21,0,0
BRDA:67,22,0,0
BRDA:67,22,1,0
BRDA:67,23,0,0
BRDA:67,23,1,0
BRF:44
BRH:0
end_of_record
TN:
SF:app\services\cvService.ts
FN:7,listByUser
FN:38,create
FN:52,getById
FN:80,remove
FN:87,(anonymous_16)
FN:87,(anonymous_17)
FNF:6
FNH:0
FNDA:0,listByUser
FNDA:0,create
FNDA:0,getById
FNDA:0,remove
FNDA:0,(anonymous_16)
FNDA:0,(anonymous_17)
DA:1,8
DA:2,8
DA:3,8
DA:7,8
DA:8,0
DA:9,0
DA:10,0
DA:11,0
DA:13,0
DA:29,0
DA:31,0
DA:32,0
DA:34,0
DA:38,8
DA:39,0
DA:40,0
DA:44,0
DA:46,0
DA:47,0
DA:48,0
DA:52,8
DA:53,0
DA:54,0
DA:67,0
DA:68,0
DA:71,0
DA:73,0
DA:74,0
DA:75,0
DA:76,0
DA:80,8
DA:81,0
DA:82,0
DA:83,0
DA:84,0
DA:87,0
DA:88,0
DA:89,0
DA:90,0
DA:91,0
DA:92,0
DA:93,0
DA:94,0
DA:95,0
DA:98,0
DA:99,0
DA:100,0
LF:47
LH:7
BRDA:10,0,0,0
BRDA:11,1,0,0
BRDA:31,2,0,0
BRDA:41,3,0,0
BRDA:41,3,1,0
BRDA:41,4,0,0
BRDA:41,4,1,0
BRDA:46,5,0,0
BRDA:67,6,0,0
BRDA:73,7,0,0
BRDA:75,8,0,0
BRDA:83,9,0,0
BRDA:98,10,0,0
BRF:13
BRH:0
end_of_record
TN:
SF:app\services\educationService.ts
FN:6,addEducation
FN:31,updateEducation
FN:56,deleteEducation
FNF:3
FNH:0
FNDA:0,addEducation
FNDA:0,updateEducation
FNDA:0,deleteEducation
DA:1,8
DA:2,8
DA:6,8
DA:7,0
DA:8,0
DA:21,0
DA:23,0
DA:24,0
DA:25,0
DA:27,0
DA:31,8
DA:32,0
DA:33,0
DA:46,0
DA:48,0
DA:49,0
DA:51,0
DA:52,0
DA:56,8
DA:57,0
DA:58,0
DA:60,0
DA:61,0
DA:63,0
DA:64,0
LF:25
LH:5
BRDA:11,0,0,0
BRDA:11,0,1,0
BRDA:11,1,0,0
BRDA:11,1,1,0
BRDA:12,2,0,0
BRDA:12,2,1,0
BRDA:12,3,0,0
BRDA:12,3,1,0
BRDA:13,4,0,0
BRDA:13,4,1,0
BRDA:13,5,0,0
BRDA:13,5,1,0
BRDA:14,6,0,0
BRDA:14,6,1,0
BRDA:15,7,0,0
BRDA:15,7,1,0
BRDA:16,8,0,0
BRDA:16,8,1,0
BRDA:16,9,0,0
BRDA:16,9,1,0
BRDA:17,10,0,0
BRDA:17,10,1,0
BRDA:17,11,0,0
BRDA:17,11,1,0
BRDA:24,12,0,0
BRDA:24,13,0,0
BRDA:24,13,1,0
BRDA:24,14,0,0
BRDA:24,14,1,0
BRDA:36,15,0,0
BRDA:36,15,1,0
BRDA:37,16,0,0
BRDA:37,16,1,0
BRDA:38,17,0,0
BRDA:38,17,1,0
BRDA:39,18,0,0
BRDA:39,18,1,0
BRDA:39,19,0,0
BRDA:39,19,1,0
BRDA:40,20,0,0
BRDA:40,20,1,0
BRDA:40,21,0,0
BRDA:40,21,1,0
BRDA:41,22,0,0
BRDA:41,22,1,0
BRDA:42,23,0,0
BRDA:42,23,1,0
BRDA:48,24,0,0
BRDA:48,25,0,0
BRDA:48,25,1,0
BRDA:48,26,0,0
BRDA:48,26,1,0
BRDA:60,27,0,0
BRDA:60,28,0,0
BRDA:60,28,1,0
BRDA:60,29,0,0
BRDA:60,29,1,0
BRF:57
BRH:0
end_of_record
TN:
SF:app\services\experienceService.ts
FN:26,listByCv
FN:52,create
FN:89,getById
FN:119,update
FN:166,remove
FNF:5
FNH:0
FNDA:0,listByCv
FNDA:0,create
FNDA:0,getById
FNDA:0,update
FNDA:0,remove
DA:1,8
DA:2,8
DA:26,8
DA:27,0
DA:28,0
DA:44,0
DA:46,0
DA:47,0
DA:48,0
DA:52,8
DA:53,0
DA:54,0
DA:81,0
DA:83,0
DA:84,0
DA:85,0
DA:89,8
DA:90,0
DA:91,0
DA:95,0
DA:96,0
DA:99,0
DA:113,0
DA:114,0
DA:115,0
DA:119,8
DA:124,0
DA:125,0
DA:127,0
DA:128,0
DA:131,0
DA:158,0
DA:160,0
DA:161,0
DA:162,0
DA:166,8
DA:167,0
DA:168,0
DA:170,0
DA:171,0
DA:174,0
DA:176,0
DA:177,0
DA:178,0
LF:44
LH:7
BRDA:47,0,0,0
BRDA:57,1,0,0
BRDA:57,1,1,0
BRDA:57,2,0,0
BRDA:57,2,1,0
BRDA:58,3,0,0
BRDA:58,3,1,0
BRDA:58,4,0,0
BRDA:58,4,1,0
BRDA:59,5,0,0
BRDA:59,5,1,0
BRDA:59,6,0,0
BRDA:59,6,1,0
BRDA:60,7,0,0
BRDA:60,7,1,0
BRDA:61,8,0,0
BRDA:61,8,1,0
BRDA:62,9,0,0
BRDA:62,9,1,0
BRDA:62,10,0,0
BRDA:62,10,1,0
BRDA:63,11,0,0
BRDA:63,11,1,0
BRDA:63,12,0,0
BRDA:63,12,1,0
BRDA:64,13,0,0
BRDA:64,13,1,0
BRDA:64,14,0,0
BRDA:64,14,1,0
BRDA:84,15,0,0
BRDA:95,16,0,0
BRDA:114,17,0,0
BRDA:127,18,0,0
BRDA:134,19,0,0
BRDA:134,19,1,0
BRDA:135,20,0,0
BRDA:135,20,1,0
BRDA:136,21,0,0
BRDA:136,21,1,0
BRDA:137,22,0,0
BRDA:137,22,1,0
BRDA:137,23,0,0
BRDA:137,23,1,0
BRDA:138,24,0,0
BRDA:138,24,1,0
BRDA:138,25,0,0
BRDA:138,25,1,0
BRDA:139,26,0,0
BRDA:139,26,1,0
BRDA:140,27,0,0
BRDA:140,27,1,0
BRDA:141,28,0,0
BRDA:141,28,1,0
BRDA:161,29,0,0
BRDA:170,30,0,0
BRDA:177,31,0,0
BRF:56
BRH:0
end_of_record
TN:
SF:app\services\interestService.ts
FN:4,addInterests
FN:8,(anonymous_10)
FN:23,putInterests
FN:25,(anonymous_13)
FN:25,(anonymous_14)
FN:29,(anonymous_15)
FNF:6
FNH:0
FNDA:0,addInterests
FNDA:0,(anonymous_10)
FNDA:0,putInterests
FNDA:0,(anonymous_13)
FNDA:0,(anonymous_14)
FNDA:0,(anonymous_15)
DA:1,8
DA:2,8
DA:4,8
DA:5,0
DA:6,0
DA:7,0
DA:8,0
DA:16,0
DA:18,0
DA:19,0
DA:23,8
DA:24,0
DA:25,0
DA:26,0
DA:27,0
DA:28,0
DA:29,0
DA:39,0
DA:41,0
DA:42,0
LF:20
LH:4
BRDA:6,0,0,0
BRDA:6,1,0,0
BRDA:6,1,1,0
BRDA:6,2,0,0
BRDA:6,2,1,0
BRDA:11,3,0,0
BRDA:11,3,1,0
BRDA:11,4,0,0
BRDA:11,4,1,0
BRDA:12,5,0,0
BRDA:12,5,1,0
BRDA:12,6,0,0
BRDA:12,6,1,0
BRDA:13,7,0,0
BRDA:13,7,1,0
BRDA:13,8,0,0
BRDA:13,8,1,0
BRDA:27,9,0,0
BRDA:27,10,0,0
BRDA:27,10,1,0
BRDA:27,11,0,0
BRDA:27,11,1,0
BRDA:32,12,0,0
BRDA:32,12,1,0
BRDA:32,13,0,0
BRDA:32,13,1,0
BRDA:33,14,0,0
BRDA:33,14,1,0
BRDA:33,15,0,0
BRDA:33,15,1,0
BRDA:34,16,0,0
BRDA:34,16,1,0
BRDA:34,17,0,0
BRDA:34,17,1,0
BRDA:39,18,0,0
BRDA:39,18,1,0
BRDA:39,19,0,0
BRDA:39,19,1,0
BRDA:39,20,0,0
BRDA:39,20,1,0
BRDA:39,21,0,0
BRDA:39,21,1,0
BRF:42
BRH:0
end_of_record
TN:
SF:app\services\jwtService.ts
FN:15,generateToken
FN:27,verifyToken
FNF:2
FNH:2
FNDA:2,generateToken
FNDA:3,verifyToken
DA:1,8
DA:3,8
DA:4,8
DA:6,8
DA:7,8
DA:8,8
DA:15,8
DA:16,2
DA:17,2
DA:18,2
DA:19,2
DA:20,2
DA:22,0
DA:23,0
DA:27,8
DA:28,3
DA:29,3
DA:30,0
DA:31,0
DA:33,3
DA:34,3
LF:21
LH:17
BRDA:3,0,0,8
BRDA:3,0,1,8
BRDA:4,1,0,0
BRDA:4,1,1,8
BRDA:15,2,0,2
BRF:5
BRH:4
end_of_record
TN:
SF:app\services\languageService.ts
FN:16,listByCv
FN:37,create
FN:66,getById
FN:90,update
FN:120,remove
FNF:5
FNH:0
FNDA:0,listByCv
FNDA:0,create
FNDA:0,getById
FNDA:0,update
FNDA:0,remove
DA:1,8
DA:2,8
DA:16,8
DA:17,0
DA:18,0
DA:29,0
DA:31,0
DA:32,0
DA:33,0
DA:37,8
DA:38,0
DA:39,0
DA:55,0
DA:57,0
DA:58,0
DA:59,0
DA:61,0
DA:62,0
DA:66,8
DA:67,0
DA:68,0
DA:72,0
DA:73,0
DA:76,0
DA:84,0
DA:85,0
DA:86,0
DA:90,8
DA:94,0
DA:96,0
DA:112,0
DA:114,0
DA:115,0
DA:116,0
DA:120,8
DA:121,0
DA:122,0
DA:126,0
DA:127,0
DA:130,0
DA:134,0
DA:135,0
DA:136,0
LF:43
LH:7
BRDA:32,0,0,0
BRDA:43,1,0,0
BRDA:43,1,1,0
BRDA:43,2,0,0
BRDA:43,2,1,0
BRDA:44,3,0,0
BRDA:44,3,1,0
BRDA:44,4,0,0
BRDA:44,4,1,0
BRDA:58,5,0,0
BRDA:58,6,0,0
BRDA:58,6,1,0
BRDA:58,7,0,0
BRDA:58,7,1,0
BRDA:61,8,0,0
BRDA:72,9,0,0
BRDA:85,10,0,0
BRDA:99,11,0,0
BRDA:99,11,1,0
BRDA:100,12,0,0
BRDA:100,12,1,0
BRDA:101,13,0,0
BRDA:101,13,1,0
BRDA:115,14,0,0
BRDA:126,15,0,0
BRDA:135,16,0,0
BRF:26
BRH:0
end_of_record
TN:
SF:app\services\profileInfoService.ts
FN:4,addProfileInfo
FN:34,updateProfileInfo
FNF:2
FNH:0
FNDA:0,addProfileInfo
FNDA:0,updateProfileInfo
DA:1,8
DA:2,8
DA:4,8
DA:5,0
DA:6,0
DA:24,0
DA:26,0
DA:27,0
DA:28,0
DA:30,0
DA:34,8
DA:35,0
DA:36,0
DA:54,0
DA:56,0
DA:57,0
DA:59,0
DA:60,0
LF:18
LH:4
BRDA:9,0,0,0
BRDA:9,0,1,0
BRDA:9,1,0,0
BRDA:9,1,1,0
BRDA:10,2,0,0
BRDA:10,2,1,0
BRDA:10,3,0,0
BRDA:10,3,1,0
BRDA:11,4,0,0
BRDA:11,4,1,0
BRDA:11,5,0,0
BRDA:11,5,1,0
BRDA:12,6,0,0
BRDA:12,6,1,0
BRDA:12,7,0,0
BRDA:12,7,1,0
BRDA:13,8,0,0
BRDA:13,8,1,0
BRDA:13,9,0,0
BRDA:13,9,1,0
BRDA:14,10,0,0
BRDA:14,10,1,0
BRDA:14,11,0,0
BRDA:14,11,1,0
BRDA:15,12,0,0
BRDA:15,12,1,0
BRDA:15,13,0,0
BRDA:15,13,1,0
BRDA:16,14,0,0
BRDA:16,14,1,0
BRDA:16,15,0,0
BRDA:16,15,1,0
BRDA:17,16,0,0
BRDA:17,16,1,0
BRDA:17,17,0,0
BRDA:17,17,1,0
BRDA:18,18,0,0
BRDA:18,18,1,0
BRDA:18,19,0,0
BRDA:18,19,1,0
BRDA:19,20,0,0
BRDA:19,20,1,0
BRDA:19,21,0,0
BRDA:19,21,1,0
BRDA:20,22,0,0
BRDA:20,22,1,0
BRDA:20,23,0,0
BRDA:20,23,1,0
BRDA:27,24,0,0
BRDA:27,25,0,0
BRDA:27,25,1,0
BRDA:27,26,0,0
BRDA:27,26,1,0
BRDA:39,27,0,0
BRDA:39,27,1,0
BRDA:40,28,0,0
BRDA:40,28,1,0
BRDA:41,29,0,0
BRDA:41,29,1,0
BRDA:42,30,0,0
BRDA:42,30,1,0
BRDA:43,31,0,0
BRDA:43,31,1,0
BRDA:44,32,0,0
BRDA:44,32,1,0
BRDA:45,33,0,0
BRDA:45,33,1,0
BRDA:46,34,0,0
BRDA:46,34,1,0
BRDA:47,35,0,0
BRDA:47,35,1,0
BRDA:48,36,0,0
BRDA:48,36,1,0
BRDA:49,37,0,0
BRDA:49,37,1,0
BRDA:50,38,0,0
BRDA:50,38,1,0
BRDA:56,39,0,0
BRDA:56,40,0,0
BRDA:56,40,1,0
BRDA:56,41,0,0
BRDA:56,41,1,0
BRF:82
BRH:0
end_of_record
TN:
SF:app\services\skillService.ts
FN:4,addSkills
FN:7,(anonymous_10)
FN:19,deleteSkill
FNF:3
FNH:0
FNDA:0,addSkills
FNDA:0,(anonymous_10)
FNDA:0,deleteSkill
DA:1,8
DA:2,8
DA:4,8
DA:5,0
DA:7,0
DA:8,0
DA:10,0
DA:11,0
DA:12,0
DA:14,0
DA:15,0
DA:19,8
DA:20,0
DA:22,0
DA:23,0
DA:24,0
DA:25,0
DA:26,0
DA:28,0
DA:30,0
DA:31,0
DA:33,0
DA:34,0
LF:23
LH:4
BRDA:8,0,0,0
BRDA:8,0,1,0
BRDA:8,1,0,0
BRDA:8,1,1,0
BRDA:8,2,0,0
BRDA:8,2,1,0
BRDA:10,3,0,0
BRDA:23,4,0,0
BRDA:30,5,0,0
BRDA:30,6,0,0
BRDA:30,6,1,0
BRDA:30,7,0,0
BRDA:30,7,1,0
BRF:13
BRH:0
end_of_record
TN:
SF:app\utils\logger\logger.ts
FN:9,(anonymous_1)
FNF:1
FNH:1
FNDA:48,(anonymous_1)
DA:1,8
DA:2,8
DA:4,8
DA:10,48
DA:19,8
LF:5
LH:5
BRDA:6,0,0,8
BRDA:6,0,1,8
BRF:2
BRH:2
end_of_record
TN:
SF:app\utils\logger\streams.ts
FNF:0
FNH:0
DA:1,8
DA:2,8
DA:3,8
DA:5,8
DA:6,8
DA:7,0
DA:10,8
DA:13,8
DA:15,8
LF:9
LH:8
BRDA:6,0,0,0
BRF:1
BRH:0
end_of_record
